2018-11-13 11:04:04,823 [Worker-8] INFO  o.e.m.c.i.l.LifecycleMappingFactory - Using org.eclipse.m2e.jdt.JarLifecycleMapping lifecycle mapping for MavenProject: com.hoperun:codeCount:1.0-SNAPSHOT @ E:\dwg\Firefiles\JavaProjects\codeCount\pom.xml.
2018-11-13 11:04:07,710 [Worker-8] INFO  o.e.m.j.i.AbstractJavaProjectConfigurator - Adding source folder /codeCount/src/main/java
2018-11-13 11:04:07,711 [Worker-8] INFO  o.e.m.j.i.AbstractJavaProjectConfigurator - Adding source folder /codeCount/src/test/java
2018-11-13 11:04:10,383 [Worker-8] INFO  o.e.m.c.i.p.ProjectConfigurationManager - Imported and configured 1 project(s) in 9 sec
2018-11-13 11:04:12,263 [Worker-3] WARN  o.e.m.c.i.embedder.EclipseLogger - Using platform encoding (GBK actually) to copy filtered resources, i.e. build is platform dependent!
2018-11-13 11:04:12,264 [Worker-3] INFO  o.e.m.c.i.embedder.EclipseLogger - skip non existing resourceDirectory E:\dwg\Firefiles\JavaProjects\codeCount\src\main\resources
2018-11-13 11:04:12,266 [Worker-3] WARN  o.e.m.c.i.embedder.EclipseLogger - Using platform encoding (GBK actually) to copy filtered resources, i.e. build is platform dependent!
2018-11-13 11:04:12,267 [Worker-3] INFO  o.e.m.c.i.embedder.EclipseLogger - skip non existing resourceDirectory E:\dwg\Firefiles\JavaProjects\codeCount\src\test\resources
2018-11-13 11:09:01,233 [Worker-4] INFO  o.e.m.c.i.e.AbstractTransferListenerAdapter - Downloading https://repo.maven.apache.org/maven2/org/apache/maven/plugins/maven-assembly-plugin/2.2-beta-5/maven-assembly-plugin-2.2-beta-5.jar
2018-11-13 11:09:02,016 [Worker-4] INFO  o.e.m.c.i.e.AbstractTransferListenerAdapter - Downloaded https://repo.maven.apache.org/maven2/org/apache/maven/plugins/maven-assembly-plugin/2.2-beta-5/maven-assembly-plugin-2.2-beta-5.jar
2018-11-13 11:09:02,283 [Worker-4] INFO  o.e.m.c.i.l.LifecycleMappingFactory - Using org.eclipse.m2e.jdt.JarLifecycleMapping lifecycle mapping for MavenProject: com.hoperun:excelToHtml:1.0-SNAPSHOT @ E:\dwg\Firefiles\JavaProjects\excelToHtml\pom.xml.
2018-11-13 11:09:02,438 [Worker-4] INFO  o.e.m.c.i.e.AbstractTransferListenerAdapter - Downloading https://repo.maven.apache.org/maven2/org/apache/poi/poi/3.8/poi-3.8.pom
2018-11-13 11:09:02,592 [Worker-4] INFO  o.e.m.c.i.e.AbstractTransferListenerAdapter - Downloaded https://repo.maven.apache.org/maven2/org/apache/poi/poi/3.8/poi-3.8.pom
2018-11-13 11:09:02,767 [Worker-4] INFO  o.e.m.c.i.e.AbstractTransferListenerAdapter - Downloading https://repo.maven.apache.org/maven2/org/apache/poi/poi-ooxml/3.8/poi-ooxml-3.8.pom
2018-11-13 11:09:02,921 [Worker-4] INFO  o.e.m.c.i.e.AbstractTransferListenerAdapter - Downloaded https://repo.maven.apache.org/maven2/org/apache/poi/poi-ooxml/3.8/poi-ooxml-3.8.pom
2018-11-13 11:09:03,080 [Worker-4] INFO  o.e.m.c.i.e.AbstractTransferListenerAdapter - Downloading https://repo.maven.apache.org/maven2/org/apache/poi/poi-ooxml-schemas/3.8/poi-ooxml-schemas-3.8.pom
2018-11-13 11:09:03,250 [Worker-4] INFO  o.e.m.c.i.e.AbstractTransferListenerAdapter - Downloaded https://repo.maven.apache.org/maven2/org/apache/poi/poi-ooxml-schemas/3.8/poi-ooxml-schemas-3.8.pom
2018-11-13 11:09:03,427 [Worker-4] INFO  o.e.m.c.i.e.AbstractTransferListenerAdapter - Downloading https://repo.maven.apache.org/maven2/org/apache/xmlbeans/xmlbeans/2.3.0/xmlbeans-2.3.0.pom
2018-11-13 11:09:03,597 [Worker-4] INFO  o.e.m.c.i.e.AbstractTransferListenerAdapter - Downloaded https://repo.maven.apache.org/maven2/org/apache/xmlbeans/xmlbeans/2.3.0/xmlbeans-2.3.0.pom
2018-11-13 11:09:03,805 [Worker-4] INFO  o.e.m.c.i.e.AbstractTransferListenerAdapter - Downloading https://repo.maven.apache.org/maven2/dom4j/dom4j/1.6.1/dom4j-1.6.1.pom
2018-11-13 11:09:03,977 [Worker-4] INFO  o.e.m.c.i.e.AbstractTransferListenerAdapter - Downloaded https://repo.maven.apache.org/maven2/dom4j/dom4j/1.6.1/dom4j-1.6.1.pom
2018-11-13 11:09:04,181 [Worker-4] INFO  o.e.m.c.i.e.AbstractTransferListenerAdapter - Downloading https://repo.maven.apache.org/maven2/org/apache/poi/poi-scratchpad/3.8/poi-scratchpad-3.8.pom
2018-11-13 11:09:04,350 [Worker-4] INFO  o.e.m.c.i.e.AbstractTransferListenerAdapter - Downloaded https://repo.maven.apache.org/maven2/org/apache/poi/poi-scratchpad/3.8/poi-scratchpad-3.8.pom
2018-11-13 11:09:04,524 [Worker-4] INFO  o.e.m.c.i.e.AbstractTransferListenerAdapter - Downloading https://repo.maven.apache.org/maven2/commons-io/commons-io/2.6/commons-io-2.6.pom
2018-11-13 11:09:04,697 [Worker-4] INFO  o.e.m.c.i.e.AbstractTransferListenerAdapter - Downloaded https://repo.maven.apache.org/maven2/commons-io/commons-io/2.6/commons-io-2.6.pom
2018-11-13 11:09:04,873 [Worker-4] INFO  o.e.m.c.i.e.AbstractTransferListenerAdapter - Downloading https://repo.maven.apache.org/maven2/org/apache/commons/commons-parent/42/commons-parent-42.pom
2018-11-13 11:09:05,065 [Worker-4] INFO  o.e.m.c.i.e.AbstractTransferListenerAdapter - Downloaded https://repo.maven.apache.org/maven2/org/apache/commons/commons-parent/42/commons-parent-42.pom
2018-11-13 11:09:05,259 [Worker-4] INFO  o.e.m.c.i.e.AbstractTransferListenerAdapter - Downloading https://repo.maven.apache.org/maven2/org/apache/poi/poi/3.8/poi-3.8.jar
2018-11-13 11:09:06,523 [Worker-4] INFO  o.e.m.c.i.e.AbstractTransferListenerAdapter - Downloaded https://repo.maven.apache.org/maven2/org/apache/poi/poi/3.8/poi-3.8.jar
2018-11-13 11:09:06,674 [Worker-4] INFO  o.e.m.c.i.e.AbstractTransferListenerAdapter - Downloading https://repo.maven.apache.org/maven2/org/apache/poi/poi-ooxml/3.8/poi-ooxml-3.8.jar
2018-11-13 11:09:07,335 [Worker-4] INFO  o.e.m.c.i.e.AbstractTransferListenerAdapter - Downloaded https://repo.maven.apache.org/maven2/org/apache/poi/poi-ooxml/3.8/poi-ooxml-3.8.jar
2018-11-13 11:09:07,501 [Worker-4] INFO  o.e.m.c.i.e.AbstractTransferListenerAdapter - Downloading https://repo.maven.apache.org/maven2/org/apache/poi/poi-ooxml-schemas/3.8/poi-ooxml-schemas-3.8.jar
2018-11-13 11:09:10,374 [Worker-4] INFO  o.e.m.c.i.e.AbstractTransferListenerAdapter - Downloaded https://repo.maven.apache.org/maven2/org/apache/poi/poi-ooxml-schemas/3.8/poi-ooxml-schemas-3.8.jar
2018-11-13 11:09:10,536 [Worker-4] INFO  o.e.m.c.i.e.AbstractTransferListenerAdapter - Downloading https://repo.maven.apache.org/maven2/org/apache/xmlbeans/xmlbeans/2.3.0/xmlbeans-2.3.0.jar
2018-11-13 11:09:12,231 [Worker-4] INFO  o.e.m.c.i.e.AbstractTransferListenerAdapter - Downloaded https://repo.maven.apache.org/maven2/org/apache/xmlbeans/xmlbeans/2.3.0/xmlbeans-2.3.0.jar
2018-11-13 11:09:12,387 [Worker-4] INFO  o.e.m.c.i.e.AbstractTransferListenerAdapter - Downloading https://repo.maven.apache.org/maven2/dom4j/dom4j/1.6.1/dom4j-1.6.1.jar
2018-11-13 11:09:12,716 [Worker-4] INFO  o.e.m.c.i.e.AbstractTransferListenerAdapter - Downloaded https://repo.maven.apache.org/maven2/dom4j/dom4j/1.6.1/dom4j-1.6.1.jar
2018-11-13 11:09:12,871 [Worker-4] INFO  o.e.m.c.i.e.AbstractTransferListenerAdapter - Downloading https://repo.maven.apache.org/maven2/xml-apis/xml-apis/1.0.b2/xml-apis-1.0.b2.jar
2018-11-13 11:09:13,064 [Worker-4] INFO  o.e.m.c.i.e.AbstractTransferListenerAdapter - Downloaded https://repo.maven.apache.org/maven2/xml-apis/xml-apis/1.0.b2/xml-apis-1.0.b2.jar
2018-11-13 11:09:13,229 [Worker-4] INFO  o.e.m.c.i.e.AbstractTransferListenerAdapter - Downloading https://repo.maven.apache.org/maven2/org/apache/poi/poi-scratchpad/3.8/poi-scratchpad-3.8.jar
2018-11-13 11:09:14,044 [Worker-4] INFO  o.e.m.c.i.e.AbstractTransferListenerAdapter - Downloaded https://repo.maven.apache.org/maven2/org/apache/poi/poi-scratchpad/3.8/poi-scratchpad-3.8.jar
2018-11-13 11:09:14,199 [Worker-4] INFO  o.e.m.c.i.e.AbstractTransferListenerAdapter - Downloading https://repo.maven.apache.org/maven2/commons-io/commons-io/2.6/commons-io-2.6.jar
2018-11-13 11:09:14,419 [Worker-4] INFO  o.e.m.c.i.e.AbstractTransferListenerAdapter - Downloaded https://repo.maven.apache.org/maven2/commons-io/commons-io/2.6/commons-io-2.6.jar
2018-11-13 11:09:15,676 [Worker-4] INFO  o.e.m.j.i.AbstractJavaProjectConfigurator - Adding source folder /excelToHtml/src/main/java
2018-11-13 11:09:15,676 [Worker-4] INFO  o.e.m.j.i.AbstractJavaProjectConfigurator - Adding source folder /excelToHtml/src/test/java
2018-11-13 11:09:15,713 [Worker-4] INFO  o.e.m.c.i.p.ProjectConfigurationManager - Imported and configured 1 project(s) in 15 sec
2018-11-13 11:09:16,239 [Worker-19] INFO  o.e.m.c.i.embedder.EclipseLogger - Using 'UTF-8' encoding to copy filtered resources.
2018-11-13 11:09:16,239 [Worker-19] INFO  o.e.m.c.i.embedder.EclipseLogger - skip non existing resourceDirectory E:\dwg\Firefiles\JavaProjects\excelToHtml\src\main\resources
2018-11-13 11:09:16,240 [Worker-19] INFO  o.e.m.c.i.embedder.EclipseLogger - Using 'UTF-8' encoding to copy filtered resources.
2018-11-13 11:09:16,240 [Worker-19] INFO  o.e.m.c.i.embedder.EclipseLogger - skip non existing resourceDirectory E:\dwg\Firefiles\JavaProjects\excelToHtml\src\test\resources
2018-11-13 11:09:16,393 [Worker-19] INFO  o.e.m.c.i.e.AbstractTransferListenerAdapter - Downloading https://repo.maven.apache.org/maven2/org/apache/maven/plugins/maven-assembly-plugin/2.2-beta-5/maven-assembly-plugin-2.2-beta-5.pom
2018-11-13 11:09:16,550 [Worker-19] INFO  o.e.m.c.i.e.AbstractTransferListenerAdapter - Downloaded https://repo.maven.apache.org/maven2/org/apache/maven/plugins/maven-assembly-plugin/2.2-beta-5/maven-assembly-plugin-2.2-beta-5.pom
2018-11-13 11:09:16,707 [Worker-19] INFO  o.e.m.c.i.e.AbstractTransferListenerAdapter - Downloading https://repo.maven.apache.org/maven2/org/apache/maven/plugins/maven-plugins/16/maven-plugins-16.pom
2018-11-13 11:09:16,863 [Worker-19] INFO  o.e.m.c.i.e.AbstractTransferListenerAdapter - Downloaded https://repo.maven.apache.org/maven2/org/apache/maven/plugins/maven-plugins/16/maven-plugins-16.pom
2018-11-13 11:20:45,213 [Worker-17] INFO  o.e.m.c.i.embedder.EclipseLogger - Using 'UTF-8' encoding to copy filtered resources.
2018-11-13 11:20:45,213 [Worker-17] INFO  o.e.m.c.i.embedder.EclipseLogger - skip non existing resourceDirectory E:\dwg\Firefiles\JavaProjects\excelToHtml\src\main\resources
2018-11-13 11:20:45,214 [Worker-17] INFO  o.e.m.c.i.embedder.EclipseLogger - Using 'UTF-8' encoding to copy filtered resources.
2018-11-13 11:20:45,214 [Worker-17] INFO  o.e.m.c.i.embedder.EclipseLogger - skip non existing resourceDirectory E:\dwg\Firefiles\JavaProjects\excelToHtml\src\test\resources
2018-11-13 11:21:08,941 [Worker-17] INFO  o.e.m.c.i.embedder.EclipseLogger - Using 'UTF-8' encoding to copy filtered resources.
2018-11-13 11:21:08,941 [Worker-17] INFO  o.e.m.c.i.embedder.EclipseLogger - skip non existing resourceDirectory E:\dwg\Firefiles\JavaProjects\excelToHtml\src\main\resources
2018-11-13 11:21:08,942 [Worker-17] INFO  o.e.m.c.i.embedder.EclipseLogger - Using 'UTF-8' encoding to copy filtered resources.
2018-11-13 11:21:08,942 [Worker-17] INFO  o.e.m.c.i.embedder.EclipseLogger - skip non existing resourceDirectory E:\dwg\Firefiles\JavaProjects\excelToHtml\src\test\resources
2018-11-13 11:21:24,951 [Worker-20] INFO  o.e.m.c.i.embedder.EclipseLogger - Using 'UTF-8' encoding to copy filtered resources.
2018-11-13 11:21:24,952 [Worker-20] INFO  o.e.m.c.i.embedder.EclipseLogger - skip non existing resourceDirectory E:\dwg\Firefiles\JavaProjects\excelToHtml\src\main\resources
2018-11-13 11:21:24,954 [Worker-20] INFO  o.e.m.c.i.embedder.EclipseLogger - Using 'UTF-8' encoding to copy filtered resources.
2018-11-13 11:21:24,955 [Worker-20] INFO  o.e.m.c.i.embedder.EclipseLogger - skip non existing resourceDirectory E:\dwg\Firefiles\JavaProjects\excelToHtml\src\test\resources
2018-11-13 11:21:35,685 [Worker-23] INFO  o.e.m.c.i.embedder.EclipseLogger - Using 'UTF-8' encoding to copy filtered resources.
2018-11-13 11:21:35,686 [Worker-23] INFO  o.e.m.c.i.embedder.EclipseLogger - skip non existing resourceDirectory E:\dwg\Firefiles\JavaProjects\excelToHtml\src\main\resources
2018-11-13 11:21:35,688 [Worker-23] INFO  o.e.m.c.i.embedder.EclipseLogger - Using 'UTF-8' encoding to copy filtered resources.
2018-11-13 11:21:35,688 [Worker-23] INFO  o.e.m.c.i.embedder.EclipseLogger - skip non existing resourceDirectory E:\dwg\Firefiles\JavaProjects\excelToHtml\src\test\resources
2018-11-13 11:22:13,366 [Worker-20] INFO  o.e.m.c.i.embedder.EclipseLogger - Using 'UTF-8' encoding to copy filtered resources.
2018-11-13 11:22:13,366 [Worker-20] INFO  o.e.m.c.i.embedder.EclipseLogger - skip non existing resourceDirectory E:\dwg\Firefiles\JavaProjects\excelToHtml\src\main\resources
2018-11-13 11:22:13,368 [Worker-20] INFO  o.e.m.c.i.embedder.EclipseLogger - Using 'UTF-8' encoding to copy filtered resources.
2018-11-13 11:22:13,368 [Worker-20] INFO  o.e.m.c.i.embedder.EclipseLogger - skip non existing resourceDirectory E:\dwg\Firefiles\JavaProjects\excelToHtml\src\test\resources
2018-11-13 16:45:31,164 [Worker-18] WARN  o.e.m.c.i.embedder.EclipseLogger - Using platform encoding (GBK actually) to copy filtered resources, i.e. build is platform dependent!
2018-11-13 16:45:31,187 [Worker-18] INFO  o.e.m.c.i.embedder.EclipseLogger - skip non existing resourceDirectory E:\dwg\Fireflies\JavaProjects\codeCount\src\main\resources
2018-11-13 16:45:31,188 [Worker-18] WARN  o.e.m.c.i.embedder.EclipseLogger - Using platform encoding (GBK actually) to copy filtered resources, i.e. build is platform dependent!
2018-11-13 16:45:31,189 [Worker-18] INFO  o.e.m.c.i.embedder.EclipseLogger - skip non existing resourceDirectory E:\dwg\Fireflies\JavaProjects\codeCount\src\test\resources
2018-11-13 16:45:32,588 [Worker-18] INFO  o.e.m.c.i.embedder.EclipseLogger - Using 'UTF-8' encoding to copy filtered resources.
2018-11-13 16:45:32,589 [Worker-18] INFO  o.e.m.c.i.embedder.EclipseLogger - skip non existing resourceDirectory E:\dwg\Fireflies\JavaProjects\excelToHtml\src\main\resources
2018-11-13 16:45:32,590 [Worker-18] INFO  o.e.m.c.i.embedder.EclipseLogger - Using 'UTF-8' encoding to copy filtered resources.
2018-11-13 16:45:32,590 [Worker-18] INFO  o.e.m.c.i.embedder.EclipseLogger - skip non existing resourceDirectory E:\dwg\Fireflies\JavaProjects\excelToHtml\src\test\resources
2018-11-13 16:45:56,685 [Worker-13] WARN  o.e.m.c.i.embedder.EclipseLogger - Using platform encoding (GBK actually) to copy filtered resources, i.e. build is platform dependent!
2018-11-13 16:45:56,687 [Worker-13] INFO  o.e.m.c.i.embedder.EclipseLogger - skip non existing resourceDirectory E:\dwg\Fireflies\JavaProjects\codeCount\src\main\resources
2018-11-13 16:45:56,688 [Worker-13] WARN  o.e.m.c.i.embedder.EclipseLogger - Using platform encoding (GBK actually) to copy filtered resources, i.e. build is platform dependent!
2018-11-13 16:45:56,689 [Worker-13] INFO  o.e.m.c.i.embedder.EclipseLogger - skip non existing resourceDirectory E:\dwg\Fireflies\JavaProjects\codeCount\src\test\resources
2018-11-13 16:46:59,425 [Worker-17] WARN  o.e.m.c.i.embedder.EclipseLogger - Using platform encoding (GBK actually) to copy filtered resources, i.e. build is platform dependent!
2018-11-13 16:46:59,426 [Worker-17] INFO  o.e.m.c.i.embedder.EclipseLogger - skip non existing resourceDirectory E:\dwg\Fireflies\JavaProjects\codeCount\src\main\resources
2018-11-13 16:46:59,427 [Worker-17] WARN  o.e.m.c.i.embedder.EclipseLogger - Using platform encoding (GBK actually) to copy filtered resources, i.e. build is platform dependent!
2018-11-13 16:46:59,428 [Worker-17] INFO  o.e.m.c.i.embedder.EclipseLogger - skip non existing resourceDirectory E:\dwg\Fireflies\JavaProjects\codeCount\src\test\resources
2018-11-13 16:51:41,355 [Worker-12] WARN  o.e.m.c.i.embedder.EclipseLogger - Using platform encoding (GBK actually) to copy filtered resources, i.e. build is platform dependent!
2018-11-13 16:51:41,356 [Worker-12] INFO  o.e.m.c.i.embedder.EclipseLogger - skip non existing resourceDirectory E:\dwg\Fireflies\JavaProjects\codeCount\src\main\resources
2018-11-13 16:51:41,357 [Worker-12] WARN  o.e.m.c.i.embedder.EclipseLogger - Using platform encoding (GBK actually) to copy filtered resources, i.e. build is platform dependent!
2018-11-13 16:51:41,358 [Worker-12] INFO  o.e.m.c.i.embedder.EclipseLogger - skip non existing resourceDirectory E:\dwg\Fireflies\JavaProjects\codeCount\src\test\resources
2018-11-13 17:24:12,543 [Worker-34] WARN  o.e.m.c.i.embedder.EclipseLogger - Using platform encoding (GBK actually) to copy filtered resources, i.e. build is platform dependent!
2018-11-13 17:24:12,544 [Worker-34] INFO  o.e.m.c.i.embedder.EclipseLogger - skip non existing resourceDirectory E:\dwg\Fireflies\JavaProjects\codeCount\src\main\resources
2018-11-13 17:24:12,545 [Worker-34] WARN  o.e.m.c.i.embedder.EclipseLogger - Using platform encoding (GBK actually) to copy filtered resources, i.e. build is platform dependent!
2018-11-13 17:24:12,546 [Worker-34] INFO  o.e.m.c.i.embedder.EclipseLogger - skip non existing resourceDirectory E:\dwg\Fireflies\JavaProjects\codeCount\src\test\resources
2018-11-13 19:34:49,032 [Worker-49] WARN  o.e.m.c.i.embedder.EclipseLogger - Using platform encoding (GBK actually) to copy filtered resources, i.e. build is platform dependent!
2018-11-13 19:34:49,033 [Worker-49] INFO  o.e.m.c.i.embedder.EclipseLogger - skip non existing resourceDirectory E:\dwg\Fireflies\JavaProjects\codeCount\src\main\resources
2018-11-13 19:34:49,034 [Worker-49] WARN  o.e.m.c.i.embedder.EclipseLogger - Using platform encoding (GBK actually) to copy filtered resources, i.e. build is platform dependent!
2018-11-13 19:34:49,035 [Worker-49] INFO  o.e.m.c.i.embedder.EclipseLogger - skip non existing resourceDirectory E:\dwg\Fireflies\JavaProjects\codeCount\src\test\resources
2018-11-13 19:36:30,306 [Worker-57] WARN  o.e.m.c.i.embedder.EclipseLogger - Using platform encoding (GBK actually) to copy filtered resources, i.e. build is platform dependent!
2018-11-13 19:36:30,308 [Worker-57] INFO  o.e.m.c.i.embedder.EclipseLogger - skip non existing resourceDirectory E:\dwg\Fireflies\JavaProjects\codeCount\src\main\resources
2018-11-13 19:36:30,308 [Worker-57] WARN  o.e.m.c.i.embedder.EclipseLogger - Using platform encoding (GBK actually) to copy filtered resources, i.e. build is platform dependent!
2018-11-13 19:36:30,309 [Worker-57] INFO  o.e.m.c.i.embedder.EclipseLogger - skip non existing resourceDirectory E:\dwg\Fireflies\JavaProjects\codeCount\src\test\resources
2018-11-13 19:37:12,225 [Worker-53] INFO  o.e.m.c.i.e.AbstractTransferListenerAdapter - Downloading https://repo.maven.apache.org/maven2/org/eclipse/jgit/org.eclipse.jgit/5.0.3.201809091024-r/org.eclipse.jgit-5.0.3.201809091024-r-sources.jar
2018-11-13 19:37:39,229 [Worker-57] WARN  o.e.m.c.i.embedder.EclipseLogger - Using platform encoding (GBK actually) to copy filtered resources, i.e. build is platform dependent!
2018-11-13 19:37:39,230 [Worker-57] INFO  o.e.m.c.i.embedder.EclipseLogger - skip non existing resourceDirectory E:\dwg\Fireflies\JavaProjects\codeCount\src\main\resources
2018-11-13 19:37:39,231 [Worker-57] WARN  o.e.m.c.i.embedder.EclipseLogger - Using platform encoding (GBK actually) to copy filtered resources, i.e. build is platform dependent!
2018-11-13 19:37:39,235 [Worker-57] INFO  o.e.m.c.i.embedder.EclipseLogger - skip non existing resourceDirectory E:\dwg\Fireflies\JavaProjects\codeCount\src\test\resources
2018-11-13 20:07:14,219 [Worker-53] INFO  o.e.m.c.i.e.AbstractTransferListenerAdapter - Downloading https://repo.maven.apache.org/maven2/org/eclipse/jgit/org.eclipse.jgit/5.0.3.201809091024-r/org.eclipse.jgit-5.0.3.201809091024-r-sources.jar
2018-11-13 20:07:16,084 [Worker-53] INFO  o.e.m.c.i.e.AbstractTransferListenerAdapter - Downloaded https://repo.maven.apache.org/maven2/org/eclipse/jgit/org.eclipse.jgit/5.0.3.201809091024-r/org.eclipse.jgit-5.0.3.201809091024-r-sources.jar
2018-11-13 20:07:16,350 [Worker-53] INFO  o.e.m.j.internal.DownloadSourcesJob - Downloaded sources for org.eclipse.jgit:org.eclipse.jgit:5.0.3.201809091024-r
2018-11-13 20:07:16,607 [Worker-53] WARN  o.e.m.c.i.embedder.EclipseLogger - Using platform encoding (GBK actually) to copy filtered resources, i.e. build is platform dependent!
2018-11-13 20:07:16,608 [Worker-53] INFO  o.e.m.c.i.embedder.EclipseLogger - skip non existing resourceDirectory E:\dwg\Fireflies\JavaProjects\codeCount\src\main\resources
2018-11-13 20:07:16,609 [Worker-53] WARN  o.e.m.c.i.embedder.EclipseLogger - Using platform encoding (GBK actually) to copy filtered resources, i.e. build is platform dependent!
2018-11-13 20:07:16,610 [Worker-53] INFO  o.e.m.c.i.embedder.EclipseLogger - skip non existing resourceDirectory E:\dwg\Fireflies\JavaProjects\codeCount\src\test\resources
2018-11-14 09:06:43,227 [Worker-73] WARN  o.e.m.c.i.embedder.EclipseLogger - Using platform encoding (GBK actually) to copy filtered resources, i.e. build is platform dependent!
2018-11-14 09:06:43,228 [Worker-73] INFO  o.e.m.c.i.embedder.EclipseLogger - skip non existing resourceDirectory E:\dwg\Fireflies\JavaProjects\codeCount\src\main\resources
2018-11-14 09:06:43,229 [Worker-73] WARN  o.e.m.c.i.embedder.EclipseLogger - Using platform encoding (GBK actually) to copy filtered resources, i.e. build is platform dependent!
2018-11-14 09:06:43,230 [Worker-73] INFO  o.e.m.c.i.embedder.EclipseLogger - skip non existing resourceDirectory E:\dwg\Fireflies\JavaProjects\codeCount\src\test\resources
2018-11-14 09:24:03,672 [Worker-73] WARN  o.e.m.c.i.embedder.EclipseLogger - Using platform encoding (GBK actually) to copy filtered resources, i.e. build is platform dependent!
2018-11-14 09:24:03,709 [Worker-73] INFO  o.e.m.c.i.embedder.EclipseLogger - skip non existing resourceDirectory E:\dwg\Fireflies\JavaProjects\codeCount\src\main\resources
2018-11-14 09:24:03,710 [Worker-73] WARN  o.e.m.c.i.embedder.EclipseLogger - Using platform encoding (GBK actually) to copy filtered resources, i.e. build is platform dependent!
2018-11-14 09:24:03,711 [Worker-73] INFO  o.e.m.c.i.embedder.EclipseLogger - skip non existing resourceDirectory E:\dwg\Fireflies\JavaProjects\codeCount\src\test\resources
2018-11-14 09:24:50,320 [Worker-78] WARN  o.e.m.c.i.embedder.EclipseLogger - Using platform encoding (GBK actually) to copy filtered resources, i.e. build is platform dependent!
2018-11-14 09:24:50,321 [Worker-78] INFO  o.e.m.c.i.embedder.EclipseLogger - skip non existing resourceDirectory E:\dwg\Fireflies\JavaProjects\codeCount\src\main\resources
2018-11-14 09:24:50,322 [Worker-78] WARN  o.e.m.c.i.embedder.EclipseLogger - Using platform encoding (GBK actually) to copy filtered resources, i.e. build is platform dependent!
2018-11-14 09:24:50,323 [Worker-78] INFO  o.e.m.c.i.embedder.EclipseLogger - skip non existing resourceDirectory E:\dwg\Fireflies\JavaProjects\codeCount\src\test\resources
2018-11-14 09:25:37,078 [Worker-78] WARN  o.e.m.c.i.embedder.EclipseLogger - Using platform encoding (GBK actually) to copy filtered resources, i.e. build is platform dependent!
2018-11-14 09:25:37,080 [Worker-78] INFO  o.e.m.c.i.embedder.EclipseLogger - skip non existing resourceDirectory E:\dwg\Fireflies\JavaProjects\codeCount\src\main\resources
2018-11-14 09:25:37,081 [Worker-78] WARN  o.e.m.c.i.embedder.EclipseLogger - Using platform encoding (GBK actually) to copy filtered resources, i.e. build is platform dependent!
2018-11-14 09:25:37,082 [Worker-78] INFO  o.e.m.c.i.embedder.EclipseLogger - skip non existing resourceDirectory E:\dwg\Fireflies\JavaProjects\codeCount\src\test\resources
2018-11-14 09:27:15,173 [Worker-78] WARN  o.e.m.c.i.embedder.EclipseLogger - Using platform encoding (GBK actually) to copy filtered resources, i.e. build is platform dependent!
2018-11-14 09:27:15,174 [Worker-78] INFO  o.e.m.c.i.embedder.EclipseLogger - skip non existing resourceDirectory E:\dwg\Fireflies\JavaProjects\codeCount\src\main\resources
2018-11-14 09:27:15,175 [Worker-78] WARN  o.e.m.c.i.embedder.EclipseLogger - Using platform encoding (GBK actually) to copy filtered resources, i.e. build is platform dependent!
2018-11-14 09:27:15,176 [Worker-78] INFO  o.e.m.c.i.embedder.EclipseLogger - skip non existing resourceDirectory E:\dwg\Fireflies\JavaProjects\codeCount\src\test\resources
2018-11-14 09:30:17,897 [Worker-78] WARN  o.e.m.c.i.embedder.EclipseLogger - Using platform encoding (GBK actually) to copy filtered resources, i.e. build is platform dependent!
2018-11-14 09:30:17,898 [Worker-78] INFO  o.e.m.c.i.embedder.EclipseLogger - skip non existing resourceDirectory E:\dwg\Fireflies\JavaProjects\codeCount\src\main\resources
2018-11-14 09:30:17,899 [Worker-78] WARN  o.e.m.c.i.embedder.EclipseLogger - Using platform encoding (GBK actually) to copy filtered resources, i.e. build is platform dependent!
2018-11-14 09:30:17,900 [Worker-78] INFO  o.e.m.c.i.embedder.EclipseLogger - skip non existing resourceDirectory E:\dwg\Fireflies\JavaProjects\codeCount\src\test\resources
2018-11-14 09:35:43,107 [Worker-76] WARN  o.e.m.c.i.embedder.EclipseLogger - Using platform encoding (GBK actually) to copy filtered resources, i.e. build is platform dependent!
2018-11-14 09:35:43,114 [Worker-76] INFO  o.e.m.c.i.embedder.EclipseLogger - skip non existing resourceDirectory E:\dwg\Fireflies\JavaProjects\codeCount\src\main\resources
2018-11-14 09:35:43,115 [Worker-76] WARN  o.e.m.c.i.embedder.EclipseLogger - Using platform encoding (GBK actually) to copy filtered resources, i.e. build is platform dependent!
2018-11-14 09:35:43,116 [Worker-76] INFO  o.e.m.c.i.embedder.EclipseLogger - skip non existing resourceDirectory E:\dwg\Fireflies\JavaProjects\codeCount\src\test\resources
2018-11-14 09:36:57,718 [Worker-73] WARN  o.e.m.c.i.embedder.EclipseLogger - Using platform encoding (GBK actually) to copy filtered resources, i.e. build is platform dependent!
2018-11-14 09:36:57,719 [Worker-73] INFO  o.e.m.c.i.embedder.EclipseLogger - skip non existing resourceDirectory E:\dwg\Fireflies\JavaProjects\codeCount\src\main\resources
2018-11-14 09:36:57,719 [Worker-73] WARN  o.e.m.c.i.embedder.EclipseLogger - Using platform encoding (GBK actually) to copy filtered resources, i.e. build is platform dependent!
2018-11-14 09:36:57,723 [Worker-73] INFO  o.e.m.c.i.embedder.EclipseLogger - skip non existing resourceDirectory E:\dwg\Fireflies\JavaProjects\codeCount\src\test\resources
2018-11-14 09:37:14,669 [Worker-76] WARN  o.e.m.c.i.embedder.EclipseLogger - Using platform encoding (GBK actually) to copy filtered resources, i.e. build is platform dependent!
2018-11-14 09:37:14,670 [Worker-76] INFO  o.e.m.c.i.embedder.EclipseLogger - skip non existing resourceDirectory E:\dwg\Fireflies\JavaProjects\codeCount\src\main\resources
2018-11-14 09:37:14,672 [Worker-76] WARN  o.e.m.c.i.embedder.EclipseLogger - Using platform encoding (GBK actually) to copy filtered resources, i.e. build is platform dependent!
2018-11-14 09:37:14,673 [Worker-76] INFO  o.e.m.c.i.embedder.EclipseLogger - skip non existing resourceDirectory E:\dwg\Fireflies\JavaProjects\codeCount\src\test\resources
2018-11-14 09:38:06,859 [Worker-79] WARN  o.e.m.c.i.embedder.EclipseLogger - Using platform encoding (GBK actually) to copy filtered resources, i.e. build is platform dependent!
2018-11-14 09:38:06,860 [Worker-79] INFO  o.e.m.c.i.embedder.EclipseLogger - skip non existing resourceDirectory E:\dwg\Fireflies\JavaProjects\codeCount\src\main\resources
2018-11-14 09:38:06,861 [Worker-79] WARN  o.e.m.c.i.embedder.EclipseLogger - Using platform encoding (GBK actually) to copy filtered resources, i.e. build is platform dependent!
2018-11-14 09:38:06,862 [Worker-79] INFO  o.e.m.c.i.embedder.EclipseLogger - skip non existing resourceDirectory E:\dwg\Fireflies\JavaProjects\codeCount\src\test\resources
2018-11-14 09:40:37,528 [Worker-76] WARN  o.e.m.c.i.embedder.EclipseLogger - Using platform encoding (GBK actually) to copy filtered resources, i.e. build is platform dependent!
2018-11-14 09:40:37,529 [Worker-76] INFO  o.e.m.c.i.embedder.EclipseLogger - skip non existing resourceDirectory E:\dwg\Fireflies\JavaProjects\codeCount\src\main\resources
2018-11-14 09:40:37,530 [Worker-76] WARN  o.e.m.c.i.embedder.EclipseLogger - Using platform encoding (GBK actually) to copy filtered resources, i.e. build is platform dependent!
2018-11-14 09:40:37,531 [Worker-76] INFO  o.e.m.c.i.embedder.EclipseLogger - skip non existing resourceDirectory E:\dwg\Fireflies\JavaProjects\codeCount\src\test\resources
2018-11-14 10:13:41,309 [Worker-96] WARN  o.e.m.c.i.embedder.EclipseLogger - Using platform encoding (GBK actually) to copy filtered resources, i.e. build is platform dependent!
2018-11-14 10:13:41,311 [Worker-96] INFO  o.e.m.c.i.embedder.EclipseLogger - skip non existing resourceDirectory E:\dwg\Fireflies\JavaProjects\codeCount\src\main\resources
2018-11-14 10:13:41,312 [Worker-96] WARN  o.e.m.c.i.embedder.EclipseLogger - Using platform encoding (GBK actually) to copy filtered resources, i.e. build is platform dependent!
2018-11-14 10:13:41,313 [Worker-96] INFO  o.e.m.c.i.embedder.EclipseLogger - skip non existing resourceDirectory E:\dwg\Fireflies\JavaProjects\codeCount\src\test\resources
2018-11-14 10:15:36,313 [Worker-95] WARN  o.e.m.c.i.embedder.EclipseLogger - Using platform encoding (GBK actually) to copy filtered resources, i.e. build is platform dependent!
2018-11-14 10:15:36,314 [Worker-95] INFO  o.e.m.c.i.embedder.EclipseLogger - skip non existing resourceDirectory E:\dwg\Fireflies\JavaProjects\codeCount\src\main\resources
2018-11-14 10:15:36,315 [Worker-95] WARN  o.e.m.c.i.embedder.EclipseLogger - Using platform encoding (GBK actually) to copy filtered resources, i.e. build is platform dependent!
2018-11-14 10:15:36,316 [Worker-95] INFO  o.e.m.c.i.embedder.EclipseLogger - skip non existing resourceDirectory E:\dwg\Fireflies\JavaProjects\codeCount\src\test\resources
2018-11-14 10:23:25,953 [Worker-83] WARN  o.e.m.c.i.embedder.EclipseLogger - Using platform encoding (GBK actually) to copy filtered resources, i.e. build is platform dependent!
2018-11-14 10:23:25,954 [Worker-83] INFO  o.e.m.c.i.embedder.EclipseLogger - skip non existing resourceDirectory E:\dwg\Fireflies\JavaProjects\codeCount\src\main\resources
2018-11-14 10:23:25,955 [Worker-83] WARN  o.e.m.c.i.embedder.EclipseLogger - Using platform encoding (GBK actually) to copy filtered resources, i.e. build is platform dependent!
2018-11-14 10:23:25,956 [Worker-83] INFO  o.e.m.c.i.embedder.EclipseLogger - skip non existing resourceDirectory E:\dwg\Fireflies\JavaProjects\codeCount\src\test\resources
2018-11-14 10:31:10,769 [Worker-110] WARN  o.e.m.c.i.embedder.EclipseLogger - Using platform encoding (GBK actually) to copy filtered resources, i.e. build is platform dependent!
2018-11-14 10:31:10,770 [Worker-110] INFO  o.e.m.c.i.embedder.EclipseLogger - skip non existing resourceDirectory E:\dwg\Fireflies\JavaProjects\codeCount\src\main\resources
2018-11-14 10:31:10,771 [Worker-110] WARN  o.e.m.c.i.embedder.EclipseLogger - Using platform encoding (GBK actually) to copy filtered resources, i.e. build is platform dependent!
2018-11-14 10:31:10,773 [Worker-110] INFO  o.e.m.c.i.embedder.EclipseLogger - skip non existing resourceDirectory E:\dwg\Fireflies\JavaProjects\codeCount\src\test\resources
2018-11-14 10:38:17,103 [Worker-117] WARN  o.e.m.c.i.embedder.EclipseLogger - Using platform encoding (GBK actually) to copy filtered resources, i.e. build is platform dependent!
2018-11-14 10:38:17,104 [Worker-117] INFO  o.e.m.c.i.embedder.EclipseLogger - skip non existing resourceDirectory E:\dwg\Fireflies\JavaProjects\codeCount\src\main\resources
2018-11-14 10:38:17,105 [Worker-117] WARN  o.e.m.c.i.embedder.EclipseLogger - Using platform encoding (GBK actually) to copy filtered resources, i.e. build is platform dependent!
2018-11-14 10:38:17,106 [Worker-117] INFO  o.e.m.c.i.embedder.EclipseLogger - skip non existing resourceDirectory E:\dwg\Fireflies\JavaProjects\codeCount\src\test\resources
2018-11-14 10:40:35,733 [Worker-115] WARN  o.e.m.c.i.embedder.EclipseLogger - Using platform encoding (GBK actually) to copy filtered resources, i.e. build is platform dependent!
2018-11-14 10:40:35,734 [Worker-115] INFO  o.e.m.c.i.embedder.EclipseLogger - skip non existing resourceDirectory E:\dwg\Fireflies\JavaProjects\codeCount\src\main\resources
2018-11-14 10:40:35,735 [Worker-115] WARN  o.e.m.c.i.embedder.EclipseLogger - Using platform encoding (GBK actually) to copy filtered resources, i.e. build is platform dependent!
2018-11-14 10:40:35,736 [Worker-115] INFO  o.e.m.c.i.embedder.EclipseLogger - skip non existing resourceDirectory E:\dwg\Fireflies\JavaProjects\codeCount\src\test\resources
2018-11-14 10:41:24,410 [Worker-115] WARN  o.e.m.c.i.embedder.EclipseLogger - Using platform encoding (GBK actually) to copy filtered resources, i.e. build is platform dependent!
2018-11-14 10:41:24,411 [Worker-115] INFO  o.e.m.c.i.embedder.EclipseLogger - skip non existing resourceDirectory E:\dwg\Fireflies\JavaProjects\codeCount\src\main\resources
2018-11-14 10:41:24,412 [Worker-115] WARN  o.e.m.c.i.embedder.EclipseLogger - Using platform encoding (GBK actually) to copy filtered resources, i.e. build is platform dependent!
2018-11-14 10:41:24,413 [Worker-115] INFO  o.e.m.c.i.embedder.EclipseLogger - skip non existing resourceDirectory E:\dwg\Fireflies\JavaProjects\codeCount\src\test\resources
2018-11-14 10:42:20,341 [Worker-119] WARN  o.e.m.c.i.embedder.EclipseLogger - Using platform encoding (GBK actually) to copy filtered resources, i.e. build is platform dependent!
2018-11-14 10:42:20,342 [Worker-119] INFO  o.e.m.c.i.embedder.EclipseLogger - skip non existing resourceDirectory E:\dwg\Fireflies\JavaProjects\codeCount\src\main\resources
2018-11-14 10:42:20,343 [Worker-119] WARN  o.e.m.c.i.embedder.EclipseLogger - Using platform encoding (GBK actually) to copy filtered resources, i.e. build is platform dependent!
2018-11-14 10:42:20,344 [Worker-119] INFO  o.e.m.c.i.embedder.EclipseLogger - skip non existing resourceDirectory E:\dwg\Fireflies\JavaProjects\codeCount\src\test\resources
2018-11-14 10:48:44,869 [Worker-121] WARN  o.e.m.c.i.embedder.EclipseLogger - Using platform encoding (GBK actually) to copy filtered resources, i.e. build is platform dependent!
2018-11-14 10:48:44,871 [Worker-121] INFO  o.e.m.c.i.embedder.EclipseLogger - skip non existing resourceDirectory E:\dwg\Fireflies\JavaProjects\codeCount\src\main\resources
2018-11-14 10:48:44,872 [Worker-121] WARN  o.e.m.c.i.embedder.EclipseLogger - Using platform encoding (GBK actually) to copy filtered resources, i.e. build is platform dependent!
2018-11-14 10:48:44,872 [Worker-121] INFO  o.e.m.c.i.embedder.EclipseLogger - skip non existing resourceDirectory E:\dwg\Fireflies\JavaProjects\codeCount\src\test\resources
2018-11-14 10:50:35,409 [Worker-122] WARN  o.e.m.c.i.embedder.EclipseLogger - Using platform encoding (GBK actually) to copy filtered resources, i.e. build is platform dependent!
2018-11-14 10:50:35,410 [Worker-122] INFO  o.e.m.c.i.embedder.EclipseLogger - skip non existing resourceDirectory E:\dwg\Fireflies\JavaProjects\codeCount\src\main\resources
2018-11-14 10:50:35,411 [Worker-122] WARN  o.e.m.c.i.embedder.EclipseLogger - Using platform encoding (GBK actually) to copy filtered resources, i.e. build is platform dependent!
2018-11-14 10:50:35,412 [Worker-122] INFO  o.e.m.c.i.embedder.EclipseLogger - skip non existing resourceDirectory E:\dwg\Fireflies\JavaProjects\codeCount\src\test\resources
2018-11-14 10:51:28,347 [Worker-123] WARN  o.e.m.c.i.embedder.EclipseLogger - Using platform encoding (GBK actually) to copy filtered resources, i.e. build is platform dependent!
2018-11-14 10:51:28,349 [Worker-123] INFO  o.e.m.c.i.embedder.EclipseLogger - skip non existing resourceDirectory E:\dwg\Fireflies\JavaProjects\codeCount\src\main\resources
2018-11-14 10:51:28,350 [Worker-123] WARN  o.e.m.c.i.embedder.EclipseLogger - Using platform encoding (GBK actually) to copy filtered resources, i.e. build is platform dependent!
2018-11-14 10:51:28,351 [Worker-123] INFO  o.e.m.c.i.embedder.EclipseLogger - skip non existing resourceDirectory E:\dwg\Fireflies\JavaProjects\codeCount\src\test\resources
2018-11-14 10:52:17,030 [Worker-123] WARN  o.e.m.c.i.embedder.EclipseLogger - Using platform encoding (GBK actually) to copy filtered resources, i.e. build is platform dependent!
2018-11-14 10:52:17,031 [Worker-123] INFO  o.e.m.c.i.embedder.EclipseLogger - skip non existing resourceDirectory E:\dwg\Fireflies\JavaProjects\codeCount\src\main\resources
2018-11-14 10:52:17,031 [Worker-123] WARN  o.e.m.c.i.embedder.EclipseLogger - Using platform encoding (GBK actually) to copy filtered resources, i.e. build is platform dependent!
2018-11-14 10:52:17,032 [Worker-123] INFO  o.e.m.c.i.embedder.EclipseLogger - skip non existing resourceDirectory E:\dwg\Fireflies\JavaProjects\codeCount\src\test\resources
2018-11-14 10:52:32,076 [Worker-122] WARN  o.e.m.c.i.embedder.EclipseLogger - Using platform encoding (GBK actually) to copy filtered resources, i.e. build is platform dependent!
2018-11-14 10:52:32,077 [Worker-122] INFO  o.e.m.c.i.embedder.EclipseLogger - skip non existing resourceDirectory E:\dwg\Fireflies\JavaProjects\codeCount\src\main\resources
2018-11-14 10:52:32,078 [Worker-122] WARN  o.e.m.c.i.embedder.EclipseLogger - Using platform encoding (GBK actually) to copy filtered resources, i.e. build is platform dependent!
2018-11-14 10:52:32,079 [Worker-122] INFO  o.e.m.c.i.embedder.EclipseLogger - skip non existing resourceDirectory E:\dwg\Fireflies\JavaProjects\codeCount\src\test\resources
2018-11-14 11:03:53,948 [Worker-127] WARN  o.e.m.c.i.embedder.EclipseLogger - Using platform encoding (GBK actually) to copy filtered resources, i.e. build is platform dependent!
2018-11-14 11:03:53,950 [Worker-127] INFO  o.e.m.c.i.embedder.EclipseLogger - skip non existing resourceDirectory E:\dwg\Fireflies\JavaProjects\codeCount\src\main\resources
2018-11-14 11:03:53,950 [Worker-127] WARN  o.e.m.c.i.embedder.EclipseLogger - Using platform encoding (GBK actually) to copy filtered resources, i.e. build is platform dependent!
2018-11-14 11:03:53,951 [Worker-127] INFO  o.e.m.c.i.embedder.EclipseLogger - skip non existing resourceDirectory E:\dwg\Fireflies\JavaProjects\codeCount\src\test\resources
2018-11-14 11:18:00,456 [Worker-132] WARN  o.e.m.c.i.embedder.EclipseLogger - Using platform encoding (GBK actually) to copy filtered resources, i.e. build is platform dependent!
2018-11-14 11:18:00,456 [Worker-132] INFO  o.e.m.c.i.embedder.EclipseLogger - skip non existing resourceDirectory E:\dwg\Fireflies\JavaProjects\codeCount\src\main\resources
2018-11-14 11:18:00,456 [Worker-132] WARN  o.e.m.c.i.embedder.EclipseLogger - Using platform encoding (GBK actually) to copy filtered resources, i.e. build is platform dependent!
2018-11-14 11:18:00,456 [Worker-132] INFO  o.e.m.c.i.embedder.EclipseLogger - skip non existing resourceDirectory E:\dwg\Fireflies\JavaProjects\codeCount\src\test\resources
2018-11-14 11:20:25,767 [Worker-133] WARN  o.e.m.c.i.embedder.EclipseLogger - Using platform encoding (GBK actually) to copy filtered resources, i.e. build is platform dependent!
2018-11-14 11:20:25,767 [Worker-133] INFO  o.e.m.c.i.embedder.EclipseLogger - skip non existing resourceDirectory E:\dwg\Fireflies\JavaProjects\codeCount\src\main\resources
2018-11-14 11:20:25,767 [Worker-133] WARN  o.e.m.c.i.embedder.EclipseLogger - Using platform encoding (GBK actually) to copy filtered resources, i.e. build is platform dependent!
2018-11-14 11:20:25,767 [Worker-133] INFO  o.e.m.c.i.embedder.EclipseLogger - skip non existing resourceDirectory E:\dwg\Fireflies\JavaProjects\codeCount\src\test\resources
2018-11-14 13:55:26,003 [Worker-151] WARN  o.e.m.c.i.embedder.EclipseLogger - Using platform encoding (GBK actually) to copy filtered resources, i.e. build is platform dependent!
2018-11-14 13:55:26,005 [Worker-151] INFO  o.e.m.c.i.embedder.EclipseLogger - skip non existing resourceDirectory E:\dwg\Fireflies\JavaProjects\codeCount\src\main\resources
2018-11-14 13:55:26,006 [Worker-151] WARN  o.e.m.c.i.embedder.EclipseLogger - Using platform encoding (GBK actually) to copy filtered resources, i.e. build is platform dependent!
2018-11-14 13:55:26,007 [Worker-151] INFO  o.e.m.c.i.embedder.EclipseLogger - skip non existing resourceDirectory E:\dwg\Fireflies\JavaProjects\codeCount\src\test\resources
2018-11-14 14:01:38,000 [Worker-156] WARN  o.e.m.c.i.embedder.EclipseLogger - Using platform encoding (GBK actually) to copy filtered resources, i.e. build is platform dependent!
2018-11-14 14:01:38,001 [Worker-156] INFO  o.e.m.c.i.embedder.EclipseLogger - skip non existing resourceDirectory E:\dwg\Fireflies\JavaProjects\codeCount\src\main\resources
2018-11-14 14:01:38,002 [Worker-156] WARN  o.e.m.c.i.embedder.EclipseLogger - Using platform encoding (GBK actually) to copy filtered resources, i.e. build is platform dependent!
2018-11-14 14:01:38,003 [Worker-156] INFO  o.e.m.c.i.embedder.EclipseLogger - skip non existing resourceDirectory E:\dwg\Fireflies\JavaProjects\codeCount\src\test\resources
2018-11-14 14:17:22,694 [Worker-163] WARN  o.e.m.c.i.embedder.EclipseLogger - Using platform encoding (GBK actually) to copy filtered resources, i.e. build is platform dependent!
2018-11-14 14:17:22,695 [Worker-163] INFO  o.e.m.c.i.embedder.EclipseLogger - skip non existing resourceDirectory E:\dwg\Fireflies\JavaProjects\codeCount\src\main\resources
2018-11-14 14:17:22,697 [Worker-163] WARN  o.e.m.c.i.embedder.EclipseLogger - Using platform encoding (GBK actually) to copy filtered resources, i.e. build is platform dependent!
2018-11-14 14:17:22,698 [Worker-163] INFO  o.e.m.c.i.embedder.EclipseLogger - skip non existing resourceDirectory E:\dwg\Fireflies\JavaProjects\codeCount\src\test\resources
2018-11-14 14:22:46,029 [Worker-163] WARN  o.e.m.c.i.embedder.EclipseLogger - Using platform encoding (GBK actually) to copy filtered resources, i.e. build is platform dependent!
2018-11-14 14:22:46,030 [Worker-163] INFO  o.e.m.c.i.embedder.EclipseLogger - skip non existing resourceDirectory E:\dwg\Fireflies\JavaProjects\codeCount\src\main\resources
2018-11-14 14:22:46,031 [Worker-163] WARN  o.e.m.c.i.embedder.EclipseLogger - Using platform encoding (GBK actually) to copy filtered resources, i.e. build is platform dependent!
2018-11-14 14:22:46,032 [Worker-163] INFO  o.e.m.c.i.embedder.EclipseLogger - skip non existing resourceDirectory E:\dwg\Fireflies\JavaProjects\codeCount\src\test\resources
2018-11-14 14:30:58,440 [Worker-137] WARN  o.e.m.c.i.embedder.EclipseLogger - Using platform encoding (GBK actually) to copy filtered resources, i.e. build is platform dependent!
2018-11-14 14:30:58,441 [Worker-137] INFO  o.e.m.c.i.embedder.EclipseLogger - skip non existing resourceDirectory E:\dwg\Fireflies\JavaProjects\codeCount\src\main\resources
2018-11-14 14:30:58,442 [Worker-137] WARN  o.e.m.c.i.embedder.EclipseLogger - Using platform encoding (GBK actually) to copy filtered resources, i.e. build is platform dependent!
2018-11-14 14:30:58,443 [Worker-137] INFO  o.e.m.c.i.embedder.EclipseLogger - skip non existing resourceDirectory E:\dwg\Fireflies\JavaProjects\codeCount\src\test\resources
2018-11-14 14:32:25,786 [Worker-168] WARN  o.e.m.c.i.embedder.EclipseLogger - Using platform encoding (GBK actually) to copy filtered resources, i.e. build is platform dependent!
2018-11-14 14:32:25,787 [Worker-168] INFO  o.e.m.c.i.embedder.EclipseLogger - skip non existing resourceDirectory E:\dwg\Fireflies\JavaProjects\codeCount\src\main\resources
2018-11-14 14:32:25,787 [Worker-168] WARN  o.e.m.c.i.embedder.EclipseLogger - Using platform encoding (GBK actually) to copy filtered resources, i.e. build is platform dependent!
2018-11-14 14:32:25,788 [Worker-168] INFO  o.e.m.c.i.embedder.EclipseLogger - skip non existing resourceDirectory E:\dwg\Fireflies\JavaProjects\codeCount\src\test\resources
2018-11-14 14:55:50,180 [Worker-176] WARN  o.e.m.c.i.embedder.EclipseLogger - Using platform encoding (GBK actually) to copy filtered resources, i.e. build is platform dependent!
2018-11-14 14:55:50,182 [Worker-176] INFO  o.e.m.c.i.embedder.EclipseLogger - skip non existing resourceDirectory E:\dwg\Fireflies\JavaProjects\codeCount\src\main\resources
2018-11-14 14:55:50,182 [Worker-176] WARN  o.e.m.c.i.embedder.EclipseLogger - Using platform encoding (GBK actually) to copy filtered resources, i.e. build is platform dependent!
2018-11-14 14:55:50,183 [Worker-176] INFO  o.e.m.c.i.embedder.EclipseLogger - skip non existing resourceDirectory E:\dwg\Fireflies\JavaProjects\codeCount\src\test\resources
2018-11-14 15:07:48,571 [Worker-176] WARN  o.e.m.c.i.embedder.EclipseLogger - Using platform encoding (GBK actually) to copy filtered resources, i.e. build is platform dependent!
2018-11-14 15:07:48,572 [Worker-176] INFO  o.e.m.c.i.embedder.EclipseLogger - skip non existing resourceDirectory E:\dwg\Fireflies\JavaProjects\codeCount\src\main\resources
2018-11-14 15:07:48,573 [Worker-176] WARN  o.e.m.c.i.embedder.EclipseLogger - Using platform encoding (GBK actually) to copy filtered resources, i.e. build is platform dependent!
2018-11-14 15:07:48,574 [Worker-176] INFO  o.e.m.c.i.embedder.EclipseLogger - skip non existing resourceDirectory E:\dwg\Fireflies\JavaProjects\codeCount\src\test\resources
2018-11-14 15:09:28,553 [Worker-182] WARN  o.e.m.c.i.embedder.EclipseLogger - Using platform encoding (GBK actually) to copy filtered resources, i.e. build is platform dependent!
2018-11-14 15:09:28,554 [Worker-182] INFO  o.e.m.c.i.embedder.EclipseLogger - skip non existing resourceDirectory E:\dwg\Fireflies\JavaProjects\codeCount\src\main\resources
2018-11-14 15:09:28,555 [Worker-182] WARN  o.e.m.c.i.embedder.EclipseLogger - Using platform encoding (GBK actually) to copy filtered resources, i.e. build is platform dependent!
2018-11-14 15:09:28,556 [Worker-182] INFO  o.e.m.c.i.embedder.EclipseLogger - skip non existing resourceDirectory E:\dwg\Fireflies\JavaProjects\codeCount\src\test\resources
2018-11-14 15:21:02,669 [Worker-184] WARN  o.e.m.c.i.embedder.EclipseLogger - Using platform encoding (GBK actually) to copy filtered resources, i.e. build is platform dependent!
2018-11-14 15:21:02,670 [Worker-184] INFO  o.e.m.c.i.embedder.EclipseLogger - skip non existing resourceDirectory E:\dwg\Fireflies\JavaProjects\codeCount\src\main\resources
2018-11-14 15:21:02,671 [Worker-184] WARN  o.e.m.c.i.embedder.EclipseLogger - Using platform encoding (GBK actually) to copy filtered resources, i.e. build is platform dependent!
2018-11-14 15:21:02,672 [Worker-184] INFO  o.e.m.c.i.embedder.EclipseLogger - skip non existing resourceDirectory E:\dwg\Fireflies\JavaProjects\codeCount\src\test\resources
2018-11-14 15:35:45,641 [Worker-185] WARN  o.e.m.c.i.embedder.EclipseLogger - Using platform encoding (GBK actually) to copy filtered resources, i.e. build is platform dependent!
2018-11-14 15:35:45,642 [Worker-185] INFO  o.e.m.c.i.embedder.EclipseLogger - skip non existing resourceDirectory E:\dwg\Fireflies\JavaProjects\codeCount\src\main\resources
2018-11-14 15:35:45,643 [Worker-185] WARN  o.e.m.c.i.embedder.EclipseLogger - Using platform encoding (GBK actually) to copy filtered resources, i.e. build is platform dependent!
2018-11-14 15:35:45,644 [Worker-185] INFO  o.e.m.c.i.embedder.EclipseLogger - skip non existing resourceDirectory E:\dwg\Fireflies\JavaProjects\codeCount\src\test\resources
2018-11-14 15:44:00,892 [Worker-158] WARN  o.e.m.c.i.embedder.EclipseLogger - Using platform encoding (GBK actually) to copy filtered resources, i.e. build is platform dependent!
2018-11-14 15:44:00,893 [Worker-158] INFO  o.e.m.c.i.embedder.EclipseLogger - skip non existing resourceDirectory E:\dwg\Fireflies\JavaProjects\codeCount\src\main\resources
2018-11-14 15:44:00,894 [Worker-158] WARN  o.e.m.c.i.embedder.EclipseLogger - Using platform encoding (GBK actually) to copy filtered resources, i.e. build is platform dependent!
2018-11-14 15:44:00,895 [Worker-158] INFO  o.e.m.c.i.embedder.EclipseLogger - skip non existing resourceDirectory E:\dwg\Fireflies\JavaProjects\codeCount\src\test\resources
2018-11-14 15:45:27,567 [Worker-193] WARN  o.e.m.c.i.embedder.EclipseLogger - Using platform encoding (GBK actually) to copy filtered resources, i.e. build is platform dependent!
2018-11-14 15:45:27,568 [Worker-193] INFO  o.e.m.c.i.embedder.EclipseLogger - skip non existing resourceDirectory E:\dwg\Fireflies\JavaProjects\codeCount\src\main\resources
2018-11-14 15:45:27,569 [Worker-193] WARN  o.e.m.c.i.embedder.EclipseLogger - Using platform encoding (GBK actually) to copy filtered resources, i.e. build is platform dependent!
2018-11-14 15:45:27,570 [Worker-193] INFO  o.e.m.c.i.embedder.EclipseLogger - skip non existing resourceDirectory E:\dwg\Fireflies\JavaProjects\codeCount\src\test\resources
2018-11-14 15:46:20,074 [Worker-193] WARN  o.e.m.c.i.embedder.EclipseLogger - Using platform encoding (GBK actually) to copy filtered resources, i.e. build is platform dependent!
2018-11-14 15:46:20,075 [Worker-193] INFO  o.e.m.c.i.embedder.EclipseLogger - skip non existing resourceDirectory E:\dwg\Fireflies\JavaProjects\codeCount\src\main\resources
2018-11-14 15:46:20,077 [Worker-193] WARN  o.e.m.c.i.embedder.EclipseLogger - Using platform encoding (GBK actually) to copy filtered resources, i.e. build is platform dependent!
2018-11-14 15:46:20,078 [Worker-193] INFO  o.e.m.c.i.embedder.EclipseLogger - skip non existing resourceDirectory E:\dwg\Fireflies\JavaProjects\codeCount\src\test\resources
2018-11-14 15:47:29,320 [Worker-158] WARN  o.e.m.c.i.embedder.EclipseLogger - Using platform encoding (GBK actually) to copy filtered resources, i.e. build is platform dependent!
2018-11-14 15:47:29,321 [Worker-158] INFO  o.e.m.c.i.embedder.EclipseLogger - skip non existing resourceDirectory E:\dwg\Fireflies\JavaProjects\codeCount\src\main\resources
2018-11-14 15:47:29,322 [Worker-158] WARN  o.e.m.c.i.embedder.EclipseLogger - Using platform encoding (GBK actually) to copy filtered resources, i.e. build is platform dependent!
2018-11-14 15:47:29,323 [Worker-158] INFO  o.e.m.c.i.embedder.EclipseLogger - skip non existing resourceDirectory E:\dwg\Fireflies\JavaProjects\codeCount\src\test\resources
2018-11-14 15:48:00,805 [Worker-196] WARN  o.e.m.c.i.embedder.EclipseLogger - Using platform encoding (GBK actually) to copy filtered resources, i.e. build is platform dependent!
2018-11-14 15:48:00,806 [Worker-196] INFO  o.e.m.c.i.embedder.EclipseLogger - skip non existing resourceDirectory E:\dwg\Fireflies\JavaProjects\codeCount\src\main\resources
2018-11-14 15:48:00,806 [Worker-196] WARN  o.e.m.c.i.embedder.EclipseLogger - Using platform encoding (GBK actually) to copy filtered resources, i.e. build is platform dependent!
2018-11-14 15:48:00,807 [Worker-196] INFO  o.e.m.c.i.embedder.EclipseLogger - skip non existing resourceDirectory E:\dwg\Fireflies\JavaProjects\codeCount\src\test\resources
2018-11-14 15:48:54,996 [Worker-199] WARN  o.e.m.c.i.embedder.EclipseLogger - Using platform encoding (GBK actually) to copy filtered resources, i.e. build is platform dependent!
2018-11-14 15:48:54,997 [Worker-199] INFO  o.e.m.c.i.embedder.EclipseLogger - skip non existing resourceDirectory E:\dwg\Fireflies\JavaProjects\codeCount\src\main\resources
2018-11-14 15:48:54,998 [Worker-199] WARN  o.e.m.c.i.embedder.EclipseLogger - Using platform encoding (GBK actually) to copy filtered resources, i.e. build is platform dependent!
2018-11-14 15:48:54,999 [Worker-199] INFO  o.e.m.c.i.embedder.EclipseLogger - skip non existing resourceDirectory E:\dwg\Fireflies\JavaProjects\codeCount\src\test\resources
2018-11-14 15:50:07,697 [Worker-196] WARN  o.e.m.c.i.embedder.EclipseLogger - Using platform encoding (GBK actually) to copy filtered resources, i.e. build is platform dependent!
2018-11-14 15:50:07,698 [Worker-196] INFO  o.e.m.c.i.embedder.EclipseLogger - skip non existing resourceDirectory E:\dwg\Fireflies\JavaProjects\codeCount\src\main\resources
2018-11-14 15:50:07,699 [Worker-196] WARN  o.e.m.c.i.embedder.EclipseLogger - Using platform encoding (GBK actually) to copy filtered resources, i.e. build is platform dependent!
2018-11-14 15:50:07,700 [Worker-196] INFO  o.e.m.c.i.embedder.EclipseLogger - skip non existing resourceDirectory E:\dwg\Fireflies\JavaProjects\codeCount\src\test\resources
2018-11-14 15:50:36,626 [Worker-158] WARN  o.e.m.c.i.embedder.EclipseLogger - Using platform encoding (GBK actually) to copy filtered resources, i.e. build is platform dependent!
2018-11-14 15:50:36,627 [Worker-158] INFO  o.e.m.c.i.embedder.EclipseLogger - skip non existing resourceDirectory E:\dwg\Fireflies\JavaProjects\codeCount\src\main\resources
2018-11-14 15:50:36,627 [Worker-158] WARN  o.e.m.c.i.embedder.EclipseLogger - Using platform encoding (GBK actually) to copy filtered resources, i.e. build is platform dependent!
2018-11-14 15:50:36,628 [Worker-158] INFO  o.e.m.c.i.embedder.EclipseLogger - skip non existing resourceDirectory E:\dwg\Fireflies\JavaProjects\codeCount\src\test\resources
2018-11-14 15:52:15,919 [Worker-194] WARN  o.e.m.c.i.embedder.EclipseLogger - Using platform encoding (GBK actually) to copy filtered resources, i.e. build is platform dependent!
2018-11-14 15:52:15,920 [Worker-194] INFO  o.e.m.c.i.embedder.EclipseLogger - skip non existing resourceDirectory E:\dwg\Fireflies\JavaProjects\codeCount\src\main\resources
2018-11-14 15:52:15,921 [Worker-194] WARN  o.e.m.c.i.embedder.EclipseLogger - Using platform encoding (GBK actually) to copy filtered resources, i.e. build is platform dependent!
2018-11-14 15:52:15,922 [Worker-194] INFO  o.e.m.c.i.embedder.EclipseLogger - skip non existing resourceDirectory E:\dwg\Fireflies\JavaProjects\codeCount\src\test\resources
2018-11-14 15:54:27,144 [Worker-203] WARN  o.e.m.c.i.embedder.EclipseLogger - Using platform encoding (GBK actually) to copy filtered resources, i.e. build is platform dependent!
2018-11-14 15:54:27,145 [Worker-203] INFO  o.e.m.c.i.embedder.EclipseLogger - skip non existing resourceDirectory E:\dwg\Fireflies\JavaProjects\codeCount\src\main\resources
2018-11-14 15:54:27,145 [Worker-203] WARN  o.e.m.c.i.embedder.EclipseLogger - Using platform encoding (GBK actually) to copy filtered resources, i.e. build is platform dependent!
2018-11-14 15:54:27,146 [Worker-203] INFO  o.e.m.c.i.embedder.EclipseLogger - skip non existing resourceDirectory E:\dwg\Fireflies\JavaProjects\codeCount\src\test\resources
2018-11-14 16:14:04,919 [Worker-158] WARN  o.e.m.c.i.embedder.EclipseLogger - Using platform encoding (GBK actually) to copy filtered resources, i.e. build is platform dependent!
2018-11-14 16:14:04,921 [Worker-158] INFO  o.e.m.c.i.embedder.EclipseLogger - skip non existing resourceDirectory E:\dwg\Fireflies\JavaProjects\codeCount\src\main\resources
2018-11-14 16:14:04,921 [Worker-158] WARN  o.e.m.c.i.embedder.EclipseLogger - Using platform encoding (GBK actually) to copy filtered resources, i.e. build is platform dependent!
2018-11-14 16:14:04,922 [Worker-158] INFO  o.e.m.c.i.embedder.EclipseLogger - skip non existing resourceDirectory E:\dwg\Fireflies\JavaProjects\codeCount\src\test\resources
2018-11-14 16:24:15,329 [Worker-211] WARN  o.e.m.c.i.embedder.EclipseLogger - Using platform encoding (GBK actually) to copy filtered resources, i.e. build is platform dependent!
2018-11-14 16:24:15,330 [Worker-211] INFO  o.e.m.c.i.embedder.EclipseLogger - skip non existing resourceDirectory E:\dwg\Fireflies\JavaProjects\codeCount\src\main\resources
2018-11-14 16:24:15,331 [Worker-211] WARN  o.e.m.c.i.embedder.EclipseLogger - Using platform encoding (GBK actually) to copy filtered resources, i.e. build is platform dependent!
2018-11-14 16:24:15,332 [Worker-211] INFO  o.e.m.c.i.embedder.EclipseLogger - skip non existing resourceDirectory E:\dwg\Fireflies\JavaProjects\codeCount\src\test\resources
2018-11-14 16:48:28,417 [Worker-225] WARN  o.e.m.c.i.embedder.EclipseLogger - Using platform encoding (GBK actually) to copy filtered resources, i.e. build is platform dependent!
2018-11-14 16:48:28,419 [Worker-225] INFO  o.e.m.c.i.embedder.EclipseLogger - skip non existing resourceDirectory E:\dwg\Fireflies\JavaProjects\codeCount\src\main\resources
2018-11-14 16:48:28,420 [Worker-225] WARN  o.e.m.c.i.embedder.EclipseLogger - Using platform encoding (GBK actually) to copy filtered resources, i.e. build is platform dependent!
2018-11-14 16:48:28,421 [Worker-225] INFO  o.e.m.c.i.embedder.EclipseLogger - skip non existing resourceDirectory E:\dwg\Fireflies\JavaProjects\codeCount\src\test\resources
2018-11-14 16:49:00,540 [Worker-223] WARN  o.e.m.c.i.embedder.EclipseLogger - Using platform encoding (GBK actually) to copy filtered resources, i.e. build is platform dependent!
2018-11-14 16:49:00,541 [Worker-223] INFO  o.e.m.c.i.embedder.EclipseLogger - skip non existing resourceDirectory E:\dwg\Fireflies\JavaProjects\codeCount\src\main\resources
2018-11-14 16:49:00,541 [Worker-223] WARN  o.e.m.c.i.embedder.EclipseLogger - Using platform encoding (GBK actually) to copy filtered resources, i.e. build is platform dependent!
2018-11-14 16:49:00,542 [Worker-223] INFO  o.e.m.c.i.embedder.EclipseLogger - skip non existing resourceDirectory E:\dwg\Fireflies\JavaProjects\codeCount\src\test\resources
2018-11-14 16:51:12,721 [Worker-217] WARN  o.e.m.c.i.embedder.EclipseLogger - Using platform encoding (GBK actually) to copy filtered resources, i.e. build is platform dependent!
2018-11-14 16:51:12,722 [Worker-217] INFO  o.e.m.c.i.embedder.EclipseLogger - skip non existing resourceDirectory E:\dwg\Fireflies\JavaProjects\codeCount\src\main\resources
2018-11-14 16:51:12,723 [Worker-217] WARN  o.e.m.c.i.embedder.EclipseLogger - Using platform encoding (GBK actually) to copy filtered resources, i.e. build is platform dependent!
2018-11-14 16:51:12,724 [Worker-217] INFO  o.e.m.c.i.embedder.EclipseLogger - skip non existing resourceDirectory E:\dwg\Fireflies\JavaProjects\codeCount\src\test\resources
2018-11-14 17:04:54,046 [Worker-230] WARN  o.e.m.c.i.embedder.EclipseLogger - Using platform encoding (GBK actually) to copy filtered resources, i.e. build is platform dependent!
2018-11-14 17:04:54,047 [Worker-230] INFO  o.e.m.c.i.embedder.EclipseLogger - skip non existing resourceDirectory E:\dwg\Fireflies\JavaProjects\codeCount\src\main\resources
2018-11-14 17:04:54,048 [Worker-230] WARN  o.e.m.c.i.embedder.EclipseLogger - Using platform encoding (GBK actually) to copy filtered resources, i.e. build is platform dependent!
2018-11-14 17:04:54,049 [Worker-230] INFO  o.e.m.c.i.embedder.EclipseLogger - skip non existing resourceDirectory E:\dwg\Fireflies\JavaProjects\codeCount\src\test\resources
2018-11-14 17:04:57,878 [Worker-230] WARN  o.e.m.c.i.embedder.EclipseLogger - Using platform encoding (GBK actually) to copy filtered resources, i.e. build is platform dependent!
2018-11-14 17:04:57,879 [Worker-230] INFO  o.e.m.c.i.embedder.EclipseLogger - skip non existing resourceDirectory E:\dwg\Fireflies\JavaProjects\codeCount\src\main\resources
2018-11-14 17:04:57,880 [Worker-230] WARN  o.e.m.c.i.embedder.EclipseLogger - Using platform encoding (GBK actually) to copy filtered resources, i.e. build is platform dependent!
2018-11-14 17:04:57,881 [Worker-230] INFO  o.e.m.c.i.embedder.EclipseLogger - skip non existing resourceDirectory E:\dwg\Fireflies\JavaProjects\codeCount\src\test\resources
2018-11-14 17:07:10,857 [Worker-233] WARN  o.e.m.c.i.embedder.EclipseLogger - Using platform encoding (GBK actually) to copy filtered resources, i.e. build is platform dependent!
2018-11-14 17:07:10,858 [Worker-233] INFO  o.e.m.c.i.embedder.EclipseLogger - skip non existing resourceDirectory E:\dwg\Fireflies\JavaProjects\codeCount\src\main\resources
2018-11-14 17:07:10,859 [Worker-233] WARN  o.e.m.c.i.embedder.EclipseLogger - Using platform encoding (GBK actually) to copy filtered resources, i.e. build is platform dependent!
2018-11-14 17:07:10,860 [Worker-233] INFO  o.e.m.c.i.embedder.EclipseLogger - skip non existing resourceDirectory E:\dwg\Fireflies\JavaProjects\codeCount\src\test\resources
2018-11-14 17:07:29,014 [Worker-225] WARN  o.e.m.c.i.embedder.EclipseLogger - Using platform encoding (GBK actually) to copy filtered resources, i.e. build is platform dependent!
2018-11-14 17:07:29,015 [Worker-225] INFO  o.e.m.c.i.embedder.EclipseLogger - skip non existing resourceDirectory E:\dwg\Fireflies\JavaProjects\codeCount\src\main\resources
2018-11-14 17:07:29,015 [Worker-225] WARN  o.e.m.c.i.embedder.EclipseLogger - Using platform encoding (GBK actually) to copy filtered resources, i.e. build is platform dependent!
2018-11-14 17:07:29,016 [Worker-225] INFO  o.e.m.c.i.embedder.EclipseLogger - skip non existing resourceDirectory E:\dwg\Fireflies\JavaProjects\codeCount\src\test\resources
2018-11-14 17:14:37,068 [Worker-225] WARN  o.e.m.c.i.embedder.EclipseLogger - Using platform encoding (GBK actually) to copy filtered resources, i.e. build is platform dependent!
2018-11-14 17:14:37,069 [Worker-225] INFO  o.e.m.c.i.embedder.EclipseLogger - skip non existing resourceDirectory E:\dwg\Fireflies\JavaProjects\codeCount\src\main\resources
2018-11-14 17:14:37,070 [Worker-225] WARN  o.e.m.c.i.embedder.EclipseLogger - Using platform encoding (GBK actually) to copy filtered resources, i.e. build is platform dependent!
2018-11-14 17:14:37,072 [Worker-225] INFO  o.e.m.c.i.embedder.EclipseLogger - skip non existing resourceDirectory E:\dwg\Fireflies\JavaProjects\codeCount\src\test\resources
2018-11-14 17:19:13,451 [Worker-240] WARN  o.e.m.c.i.embedder.EclipseLogger - Using platform encoding (GBK actually) to copy filtered resources, i.e. build is platform dependent!
2018-11-14 17:19:13,452 [Worker-240] INFO  o.e.m.c.i.embedder.EclipseLogger - skip non existing resourceDirectory E:\dwg\Fireflies\JavaProjects\codeCount\src\main\resources
2018-11-14 17:19:13,453 [Worker-240] WARN  o.e.m.c.i.embedder.EclipseLogger - Using platform encoding (GBK actually) to copy filtered resources, i.e. build is platform dependent!
2018-11-14 17:19:13,454 [Worker-240] INFO  o.e.m.c.i.embedder.EclipseLogger - skip non existing resourceDirectory E:\dwg\Fireflies\JavaProjects\codeCount\src\test\resources
2018-11-15 09:07:00,526 [Worker-258] WARN  o.e.m.c.i.embedder.EclipseLogger - Using platform encoding (GBK actually) to copy filtered resources, i.e. build is platform dependent!
2018-11-15 09:07:00,529 [Worker-258] INFO  o.e.m.c.i.embedder.EclipseLogger - skip non existing resourceDirectory E:\dwg\Fireflies\JavaProjects\codeCount\src\main\resources
2018-11-15 09:07:00,530 [Worker-258] WARN  o.e.m.c.i.embedder.EclipseLogger - Using platform encoding (GBK actually) to copy filtered resources, i.e. build is platform dependent!
2018-11-15 09:07:00,531 [Worker-258] INFO  o.e.m.c.i.embedder.EclipseLogger - skip non existing resourceDirectory E:\dwg\Fireflies\JavaProjects\codeCount\src\test\resources
2018-11-15 09:29:13,574 [Worker-265] WARN  o.e.m.c.i.embedder.EclipseLogger - Using platform encoding (GBK actually) to copy filtered resources, i.e. build is platform dependent!
2018-11-15 09:29:13,575 [Worker-265] INFO  o.e.m.c.i.embedder.EclipseLogger - skip non existing resourceDirectory E:\dwg\Fireflies\JavaProjects\codeCount\src\main\resources
2018-11-15 09:29:13,576 [Worker-265] WARN  o.e.m.c.i.embedder.EclipseLogger - Using platform encoding (GBK actually) to copy filtered resources, i.e. build is platform dependent!
2018-11-15 09:29:13,577 [Worker-265] INFO  o.e.m.c.i.embedder.EclipseLogger - skip non existing resourceDirectory E:\dwg\Fireflies\JavaProjects\codeCount\src\test\resources
2018-11-15 09:31:33,422 [Worker-263] WARN  o.e.m.c.i.embedder.EclipseLogger - Using platform encoding (GBK actually) to copy filtered resources, i.e. build is platform dependent!
2018-11-15 09:31:33,423 [Worker-263] INFO  o.e.m.c.i.embedder.EclipseLogger - skip non existing resourceDirectory E:\dwg\Fireflies\JavaProjects\codeCount\src\main\resources
2018-11-15 09:31:33,424 [Worker-263] WARN  o.e.m.c.i.embedder.EclipseLogger - Using platform encoding (GBK actually) to copy filtered resources, i.e. build is platform dependent!
2018-11-15 09:31:33,425 [Worker-263] INFO  o.e.m.c.i.embedder.EclipseLogger - skip non existing resourceDirectory E:\dwg\Fireflies\JavaProjects\codeCount\src\test\resources
2018-11-15 09:33:20,619 [Worker-267] WARN  o.e.m.c.i.embedder.EclipseLogger - Using platform encoding (GBK actually) to copy filtered resources, i.e. build is platform dependent!
2018-11-15 09:33:20,621 [Worker-267] INFO  o.e.m.c.i.embedder.EclipseLogger - skip non existing resourceDirectory E:\dwg\Fireflies\JavaProjects\codeCount\src\main\resources
2018-11-15 09:33:20,622 [Worker-267] WARN  o.e.m.c.i.embedder.EclipseLogger - Using platform encoding (GBK actually) to copy filtered resources, i.e. build is platform dependent!
2018-11-15 09:33:20,623 [Worker-267] INFO  o.e.m.c.i.embedder.EclipseLogger - skip non existing resourceDirectory E:\dwg\Fireflies\JavaProjects\codeCount\src\test\resources
2018-11-15 09:35:11,271 [Worker-267] WARN  o.e.m.c.i.embedder.EclipseLogger - Using platform encoding (GBK actually) to copy filtered resources, i.e. build is platform dependent!
2018-11-15 09:35:11,272 [Worker-267] INFO  o.e.m.c.i.embedder.EclipseLogger - skip non existing resourceDirectory E:\dwg\Fireflies\JavaProjects\codeCount\src\main\resources
2018-11-15 09:35:11,273 [Worker-267] WARN  o.e.m.c.i.embedder.EclipseLogger - Using platform encoding (GBK actually) to copy filtered resources, i.e. build is platform dependent!
2018-11-15 09:35:11,274 [Worker-267] INFO  o.e.m.c.i.embedder.EclipseLogger - skip non existing resourceDirectory E:\dwg\Fireflies\JavaProjects\codeCount\src\test\resources
2018-11-15 09:41:21,518 [Worker-265] WARN  o.e.m.c.i.embedder.EclipseLogger - Using platform encoding (GBK actually) to copy filtered resources, i.e. build is platform dependent!
2018-11-15 09:41:21,519 [Worker-265] INFO  o.e.m.c.i.embedder.EclipseLogger - skip non existing resourceDirectory E:\dwg\Fireflies\JavaProjects\codeCount\src\main\resources
2018-11-15 09:41:21,519 [Worker-265] WARN  o.e.m.c.i.embedder.EclipseLogger - Using platform encoding (GBK actually) to copy filtered resources, i.e. build is platform dependent!
2018-11-15 09:41:21,520 [Worker-265] INFO  o.e.m.c.i.embedder.EclipseLogger - skip non existing resourceDirectory E:\dwg\Fireflies\JavaProjects\codeCount\src\test\resources
2018-11-15 09:54:45,791 [Worker-277] WARN  o.e.m.c.i.embedder.EclipseLogger - Using platform encoding (GBK actually) to copy filtered resources, i.e. build is platform dependent!
2018-11-15 09:54:45,792 [Worker-277] INFO  o.e.m.c.i.embedder.EclipseLogger - skip non existing resourceDirectory E:\dwg\Fireflies\JavaProjects\codeCount\src\main\resources
2018-11-15 09:54:45,793 [Worker-277] WARN  o.e.m.c.i.embedder.EclipseLogger - Using platform encoding (GBK actually) to copy filtered resources, i.e. build is platform dependent!
2018-11-15 09:54:45,794 [Worker-277] INFO  o.e.m.c.i.embedder.EclipseLogger - skip non existing resourceDirectory E:\dwg\Fireflies\JavaProjects\codeCount\src\test\resources
2018-11-15 10:00:38,794 [Worker-286] INFO  o.e.m.c.i.p.ProjectConfigurationManager - Update started
2018-11-15 10:00:41,489 [Worker-286] INFO  o.e.m.c.i.l.LifecycleMappingFactory - Using org.eclipse.m2e.jdt.JarLifecycleMapping lifecycle mapping for MavenProject: com.hoperun:codeCount:1.0-SNAPSHOT @ E:\dwg\Fireflies\JavaProjects\codeCount\pom.xml.
2018-11-15 10:00:43,047 [Worker-286] INFO  o.e.m.c.i.e.AbstractTransferListenerAdapter - Downloading https://repo.maven.apache.org/maven2/junit/junit/maven-metadata.xml
2018-11-15 10:00:43,241 [Worker-286] INFO  o.e.m.c.i.e.AbstractTransferListenerAdapter - Downloaded https://repo.maven.apache.org/maven2/junit/junit/maven-metadata.xml
2018-11-15 10:00:43,818 [Worker-286] INFO  o.e.m.j.i.AbstractJavaProjectConfigurator - Adding source folder /codeCount/src/main/java
2018-11-15 10:00:43,819 [Worker-286] INFO  o.e.m.j.i.AbstractJavaProjectConfigurator - Adding source folder /codeCount/src/test/java
2018-11-15 10:00:44,075 [Worker-286] INFO  o.e.m.c.i.p.ProjectConfigurationManager - Update completed: 5 sec
2018-11-15 10:16:49,444 [Worker-289] INFO  o.e.m.c.i.p.ProjectConfigurationManager - Update started
2018-11-15 10:16:50,199 [Worker-289] INFO  o.e.m.c.i.l.LifecycleMappingFactory - Using org.eclipse.m2e.jdt.JarLifecycleMapping lifecycle mapping for MavenProject: com.hoperun:codeCount:1.0-SNAPSHOT @ E:\dwg\Fireflies\JavaProjects\codeCount\pom.xml.
2018-11-15 10:16:51,152 [Worker-289] INFO  o.e.m.c.i.e.AbstractTransferListenerAdapter - Downloading https://repo.maven.apache.org/maven2/org/eclipse/jgit/org.eclipse.jgit/3.5.0.201409260305-r/org.eclipse.jgit-3.5.0.201409260305-r.pom
2018-11-15 10:16:51,336 [Worker-289] INFO  o.e.m.c.i.e.AbstractTransferListenerAdapter - Downloaded https://repo.maven.apache.org/maven2/org/eclipse/jgit/org.eclipse.jgit/3.5.0.201409260305-r/org.eclipse.jgit-3.5.0.201409260305-r.pom
2018-11-15 10:16:51,525 [Worker-289] INFO  o.e.m.c.i.e.AbstractTransferListenerAdapter - Downloading https://repo.maven.apache.org/maven2/org/eclipse/jgit/org.eclipse.jgit-parent/3.5.0.201409260305-r/org.eclipse.jgit-parent-3.5.0.201409260305-r.pom
2018-11-15 10:16:51,862 [Worker-289] INFO  o.e.m.c.i.e.AbstractTransferListenerAdapter - Downloaded https://repo.maven.apache.org/maven2/org/eclipse/jgit/org.eclipse.jgit-parent/3.5.0.201409260305-r/org.eclipse.jgit-parent-3.5.0.201409260305-r.pom
2018-11-15 10:16:52,045 [Worker-289] INFO  o.e.m.c.i.e.AbstractTransferListenerAdapter - Downloading https://repo.maven.apache.org/maven2/com/jcraft/jsch/0.1.50/jsch-0.1.50.pom
2018-11-15 10:16:52,225 [Worker-289] INFO  o.e.m.c.i.e.AbstractTransferListenerAdapter - Downloaded https://repo.maven.apache.org/maven2/com/jcraft/jsch/0.1.50/jsch-0.1.50.pom
2018-11-15 10:16:52,416 [Worker-289] INFO  o.e.m.c.i.e.AbstractTransferListenerAdapter - Downloading https://repo.maven.apache.org/maven2/com/googlecode/javaewah/JavaEWAH/0.7.9/JavaEWAH-0.7.9.pom
2018-11-15 10:16:52,595 [Worker-289] INFO  o.e.m.c.i.e.AbstractTransferListenerAdapter - Downloaded https://repo.maven.apache.org/maven2/com/googlecode/javaewah/JavaEWAH/0.7.9/JavaEWAH-0.7.9.pom
2018-11-15 10:16:52,790 [Worker-289] INFO  o.e.m.c.i.e.AbstractTransferListenerAdapter - Downloading https://repo.maven.apache.org/maven2/org/apache/httpcomponents/httpclient/4.1.3/httpclient-4.1.3.pom
2018-11-15 10:16:52,978 [Worker-289] INFO  o.e.m.c.i.e.AbstractTransferListenerAdapter - Downloaded https://repo.maven.apache.org/maven2/org/apache/httpcomponents/httpclient/4.1.3/httpclient-4.1.3.pom
2018-11-15 10:16:53,167 [Worker-289] INFO  o.e.m.c.i.e.AbstractTransferListenerAdapter - Downloading https://repo.maven.apache.org/maven2/org/apache/httpcomponents/httpcomponents-client/4.1.3/httpcomponents-client-4.1.3.pom
2018-11-15 10:16:53,351 [Worker-289] INFO  o.e.m.c.i.e.AbstractTransferListenerAdapter - Downloaded https://repo.maven.apache.org/maven2/org/apache/httpcomponents/httpcomponents-client/4.1.3/httpcomponents-client-4.1.3.pom
2018-11-15 10:16:53,534 [Worker-289] INFO  o.e.m.c.i.e.AbstractTransferListenerAdapter - Downloading https://repo.maven.apache.org/maven2/org/apache/httpcomponents/project/5/project-5.pom
2018-11-15 10:16:53,718 [Worker-289] INFO  o.e.m.c.i.e.AbstractTransferListenerAdapter - Downloaded https://repo.maven.apache.org/maven2/org/apache/httpcomponents/project/5/project-5.pom
2018-11-15 10:16:53,906 [Worker-289] INFO  o.e.m.c.i.e.AbstractTransferListenerAdapter - Downloading https://repo.maven.apache.org/maven2/org/apache/httpcomponents/httpcore/4.1.4/httpcore-4.1.4.pom
2018-11-15 10:16:54,088 [Worker-289] INFO  o.e.m.c.i.e.AbstractTransferListenerAdapter - Downloaded https://repo.maven.apache.org/maven2/org/apache/httpcomponents/httpcore/4.1.4/httpcore-4.1.4.pom
2018-11-15 10:16:54,271 [Worker-289] INFO  o.e.m.c.i.e.AbstractTransferListenerAdapter - Downloading https://repo.maven.apache.org/maven2/org/apache/httpcomponents/httpcomponents-core/4.1.4/httpcomponents-core-4.1.4.pom
2018-11-15 10:16:54,453 [Worker-289] INFO  o.e.m.c.i.e.AbstractTransferListenerAdapter - Downloaded https://repo.maven.apache.org/maven2/org/apache/httpcomponents/httpcomponents-core/4.1.4/httpcomponents-core-4.1.4.pom
2018-11-15 10:16:54,915 [Worker-289] INFO  o.e.m.c.i.e.AbstractTransferListenerAdapter - Downloading https://repo.maven.apache.org/maven2/junit/junit/maven-metadata.xml
2018-11-15 10:16:55,105 [Worker-289] INFO  o.e.m.c.i.e.AbstractTransferListenerAdapter - Downloaded https://repo.maven.apache.org/maven2/junit/junit/maven-metadata.xml
2018-11-15 10:16:55,430 [Worker-289] INFO  o.e.m.c.i.e.AbstractTransferListenerAdapter - Downloading https://repo.maven.apache.org/maven2/org/eclipse/jgit/org.eclipse.jgit/3.5.0.201409260305-r/org.eclipse.jgit-3.5.0.201409260305-r.jar
2018-11-15 10:16:57,234 [Worker-289] INFO  o.e.m.c.i.e.AbstractTransferListenerAdapter - Downloaded https://repo.maven.apache.org/maven2/org/eclipse/jgit/org.eclipse.jgit/3.5.0.201409260305-r/org.eclipse.jgit-3.5.0.201409260305-r.jar
2018-11-15 10:16:57,396 [Worker-289] INFO  o.e.m.c.i.e.AbstractTransferListenerAdapter - Downloading https://repo.maven.apache.org/maven2/com/jcraft/jsch/0.1.50/jsch-0.1.50.jar
2018-11-15 10:16:57,599 [Worker-289] INFO  o.e.m.c.i.e.AbstractTransferListenerAdapter - Downloaded https://repo.maven.apache.org/maven2/com/jcraft/jsch/0.1.50/jsch-0.1.50.jar
2018-11-15 10:16:57,762 [Worker-289] INFO  o.e.m.c.i.e.AbstractTransferListenerAdapter - Downloading https://repo.maven.apache.org/maven2/com/googlecode/javaewah/JavaEWAH/0.7.9/JavaEWAH-0.7.9.jar
2018-11-15 10:16:57,946 [Worker-289] INFO  o.e.m.c.i.e.AbstractTransferListenerAdapter - Downloaded https://repo.maven.apache.org/maven2/com/googlecode/javaewah/JavaEWAH/0.7.9/JavaEWAH-0.7.9.jar
2018-11-15 10:16:58,113 [Worker-289] INFO  o.e.m.c.i.e.AbstractTransferListenerAdapter - Downloading https://repo.maven.apache.org/maven2/org/apache/httpcomponents/httpclient/4.1.3/httpclient-4.1.3.jar
2018-11-15 10:16:58,469 [Worker-289] INFO  o.e.m.c.i.e.AbstractTransferListenerAdapter - Downloaded https://repo.maven.apache.org/maven2/org/apache/httpcomponents/httpclient/4.1.3/httpclient-4.1.3.jar
2018-11-15 10:16:58,633 [Worker-289] INFO  o.e.m.c.i.e.AbstractTransferListenerAdapter - Downloading https://repo.maven.apache.org/maven2/org/apache/httpcomponents/httpcore/4.1.4/httpcore-4.1.4.jar
2018-11-15 10:16:58,830 [Worker-289] INFO  o.e.m.c.i.e.AbstractTransferListenerAdapter - Downloaded https://repo.maven.apache.org/maven2/org/apache/httpcomponents/httpcore/4.1.4/httpcore-4.1.4.jar
2018-11-15 10:17:00,605 [Worker-289] INFO  o.e.m.j.i.AbstractJavaProjectConfigurator - Adding source folder /codeCount/src/main/java
2018-11-15 10:17:00,606 [Worker-289] INFO  o.e.m.j.i.AbstractJavaProjectConfigurator - Adding source folder /codeCount/src/test/java
2018-11-15 10:17:00,786 [Worker-289] INFO  o.e.m.c.i.p.ProjectConfigurationManager - Update completed: 11 sec
2018-11-15 10:18:23,595 [Worker-286] INFO  o.e.m.c.i.p.ProjectConfigurationManager - Update started
2018-11-15 10:18:24,367 [Worker-286] INFO  o.e.m.c.i.l.LifecycleMappingFactory - Using org.eclipse.m2e.jdt.JarLifecycleMapping lifecycle mapping for MavenProject: com.hoperun:codeCount:1.0-SNAPSHOT @ E:\dwg\Fireflies\JavaProjects\codeCount\pom.xml.
2018-11-15 10:18:24,726 [Worker-286] INFO  o.e.m.c.i.e.AbstractTransferListenerAdapter - Downloading https://repo.maven.apache.org/maven2/junit/junit/maven-metadata.xml
2018-11-15 10:18:24,918 [Worker-286] INFO  o.e.m.c.i.e.AbstractTransferListenerAdapter - Downloaded https://repo.maven.apache.org/maven2/junit/junit/maven-metadata.xml
2018-11-15 10:18:25,736 [Worker-286] INFO  o.e.m.j.i.AbstractJavaProjectConfigurator - Adding source folder /codeCount/src/main/java
2018-11-15 10:18:25,736 [Worker-286] INFO  o.e.m.j.i.AbstractJavaProjectConfigurator - Adding source folder /codeCount/src/test/java
2018-11-15 10:18:25,897 [Worker-286] INFO  o.e.m.c.i.p.ProjectConfigurationManager - Update completed: 2 sec
2018-11-16 16:04:05,268 [Worker-58] WARN  o.e.m.c.i.embedder.EclipseLogger - Using platform encoding (GBK actually) to copy filtered resources, i.e. build is platform dependent!
2018-11-16 16:04:05,293 [Worker-58] INFO  o.e.m.c.i.embedder.EclipseLogger - skip non existing resourceDirectory E:\dwg\Fireflies\JavaProjects\codeCount\src\main\resources
2018-11-16 16:04:05,295 [Worker-58] WARN  o.e.m.c.i.embedder.EclipseLogger - Using platform encoding (GBK actually) to copy filtered resources, i.e. build is platform dependent!
2018-11-16 16:04:05,296 [Worker-58] INFO  o.e.m.c.i.embedder.EclipseLogger - skip non existing resourceDirectory E:\dwg\Fireflies\JavaProjects\codeCount\src\test\resources
2018-11-16 16:08:49,509 [Worker-59] WARN  o.e.m.c.i.embedder.EclipseLogger - Using platform encoding (GBK actually) to copy filtered resources, i.e. build is platform dependent!
2018-11-16 16:08:49,512 [Worker-59] INFO  o.e.m.c.i.embedder.EclipseLogger - skip non existing resourceDirectory E:\dwg\Fireflies\JavaProjects\codeCount\src\main\resources
2018-11-16 16:08:49,513 [Worker-59] WARN  o.e.m.c.i.embedder.EclipseLogger - Using platform encoding (GBK actually) to copy filtered resources, i.e. build is platform dependent!
2018-11-16 16:08:49,515 [Worker-59] INFO  o.e.m.c.i.embedder.EclipseLogger - skip non existing resourceDirectory E:\dwg\Fireflies\JavaProjects\codeCount\src\test\resources
2018-11-16 16:15:43,206 [Worker-63] WARN  o.e.m.c.i.embedder.EclipseLogger - Using platform encoding (GBK actually) to copy filtered resources, i.e. build is platform dependent!
2018-11-16 16:15:43,207 [Worker-63] INFO  o.e.m.c.i.embedder.EclipseLogger - skip non existing resourceDirectory E:\dwg\Fireflies\JavaProjects\codeCount\src\main\resources
2018-11-16 16:15:43,208 [Worker-63] WARN  o.e.m.c.i.embedder.EclipseLogger - Using platform encoding (GBK actually) to copy filtered resources, i.e. build is platform dependent!
2018-11-16 16:15:43,209 [Worker-63] INFO  o.e.m.c.i.embedder.EclipseLogger - skip non existing resourceDirectory E:\dwg\Fireflies\JavaProjects\codeCount\src\test\resources
2018-11-16 16:27:20,668 [Worker-72] WARN  o.e.m.c.i.embedder.EclipseLogger - Using platform encoding (GBK actually) to copy filtered resources, i.e. build is platform dependent!
2018-11-16 16:27:20,669 [Worker-72] INFO  o.e.m.c.i.embedder.EclipseLogger - skip non existing resourceDirectory E:\dwg\Fireflies\JavaProjects\codeCount\src\main\resources
2018-11-16 16:27:20,670 [Worker-72] WARN  o.e.m.c.i.embedder.EclipseLogger - Using platform encoding (GBK actually) to copy filtered resources, i.e. build is platform dependent!
2018-11-16 16:27:20,671 [Worker-72] INFO  o.e.m.c.i.embedder.EclipseLogger - skip non existing resourceDirectory E:\dwg\Fireflies\JavaProjects\codeCount\src\test\resources
2018-11-19 09:43:08,116 [Worker-94] INFO  o.e.m.c.i.e.AbstractTransferListenerAdapter - Downloading https://repo.maven.apache.org/maven2/junit/junit/4.12/junit-4.12-sources.jar
2018-11-19 09:43:08,885 [Worker-94] INFO  o.e.m.c.i.e.AbstractTransferListenerAdapter - Downloaded https://repo.maven.apache.org/maven2/junit/junit/4.12/junit-4.12-sources.jar
2018-11-19 09:43:09,349 [Worker-94] INFO  o.e.m.j.internal.DownloadSourcesJob - Downloaded sources for junit:junit:4.12
2018-11-19 09:43:10,902 [Worker-104] WARN  o.e.m.c.i.embedder.EclipseLogger - Using platform encoding (GBK actually) to copy filtered resources, i.e. build is platform dependent!
2018-11-19 09:43:10,928 [Worker-104] INFO  o.e.m.c.i.embedder.EclipseLogger - skip non existing resourceDirectory E:\dwg\Fireflies\JavaProjects\codeCount\src\main\resources
2018-11-19 09:43:10,930 [Worker-104] WARN  o.e.m.c.i.embedder.EclipseLogger - Using platform encoding (GBK actually) to copy filtered resources, i.e. build is platform dependent!
2018-11-19 09:43:10,932 [Worker-104] INFO  o.e.m.c.i.embedder.EclipseLogger - skip non existing resourceDirectory E:\dwg\Fireflies\JavaProjects\codeCount\src\test\resources
2018-11-19 09:53:38,789 [Worker-108] WARN  o.e.m.c.i.embedder.EclipseLogger - Using platform encoding (GBK actually) to copy filtered resources, i.e. build is platform dependent!
2018-11-19 09:53:38,790 [Worker-108] INFO  o.e.m.c.i.embedder.EclipseLogger - skip non existing resourceDirectory E:\dwg\Fireflies\JavaProjects\codeCount\src\main\resources
2018-11-19 09:53:38,791 [Worker-108] WARN  o.e.m.c.i.embedder.EclipseLogger - Using platform encoding (GBK actually) to copy filtered resources, i.e. build is platform dependent!
2018-11-19 09:53:38,792 [Worker-108] INFO  o.e.m.c.i.embedder.EclipseLogger - skip non existing resourceDirectory E:\dwg\Fireflies\JavaProjects\codeCount\src\test\resources
2018-11-19 09:55:17,530 [Worker-108] WARN  o.e.m.c.i.embedder.EclipseLogger - Using platform encoding (GBK actually) to copy filtered resources, i.e. build is platform dependent!
2018-11-19 09:55:17,531 [Worker-108] INFO  o.e.m.c.i.embedder.EclipseLogger - skip non existing resourceDirectory E:\dwg\Fireflies\JavaProjects\codeCount\src\main\resources
2018-11-19 09:55:17,533 [Worker-108] WARN  o.e.m.c.i.embedder.EclipseLogger - Using platform encoding (GBK actually) to copy filtered resources, i.e. build is platform dependent!
2018-11-19 09:55:17,534 [Worker-108] INFO  o.e.m.c.i.embedder.EclipseLogger - skip non existing resourceDirectory E:\dwg\Fireflies\JavaProjects\codeCount\src\test\resources
2018-11-19 09:57:02,218 [Worker-110] WARN  o.e.m.c.i.embedder.EclipseLogger - Using platform encoding (GBK actually) to copy filtered resources, i.e. build is platform dependent!
2018-11-19 09:57:02,219 [Worker-110] INFO  o.e.m.c.i.embedder.EclipseLogger - skip non existing resourceDirectory E:\dwg\Fireflies\JavaProjects\codeCount\src\main\resources
2018-11-19 09:57:02,223 [Worker-110] WARN  o.e.m.c.i.embedder.EclipseLogger - Using platform encoding (GBK actually) to copy filtered resources, i.e. build is platform dependent!
2018-11-19 09:57:02,229 [Worker-110] INFO  o.e.m.c.i.embedder.EclipseLogger - skip non existing resourceDirectory E:\dwg\Fireflies\JavaProjects\codeCount\src\test\resources
2018-11-19 10:04:22,600 [Worker-114] WARN  o.e.m.c.i.embedder.EclipseLogger - Using platform encoding (GBK actually) to copy filtered resources, i.e. build is platform dependent!
2018-11-19 10:04:22,601 [Worker-114] INFO  o.e.m.c.i.embedder.EclipseLogger - skip non existing resourceDirectory E:\dwg\Fireflies\JavaProjects\codeCount\src\main\resources
2018-11-19 10:04:22,607 [Worker-114] WARN  o.e.m.c.i.embedder.EclipseLogger - Using platform encoding (GBK actually) to copy filtered resources, i.e. build is platform dependent!
2018-11-19 10:04:22,608 [Worker-114] INFO  o.e.m.c.i.embedder.EclipseLogger - skip non existing resourceDirectory E:\dwg\Fireflies\JavaProjects\codeCount\src\test\resources
2018-11-19 14:40:26,880 [Worker-178] WARN  o.e.m.c.i.embedder.EclipseLogger - Using platform encoding (GBK actually) to copy filtered resources, i.e. build is platform dependent!
2018-11-19 14:40:26,906 [Worker-178] INFO  o.e.m.c.i.embedder.EclipseLogger - skip non existing resourceDirectory E:\dwg\Fireflies\JavaProjects\codeCount\src\main\resources
2018-11-19 14:40:26,907 [Worker-178] WARN  o.e.m.c.i.embedder.EclipseLogger - Using platform encoding (GBK actually) to copy filtered resources, i.e. build is platform dependent!
2018-11-19 14:40:26,909 [Worker-178] INFO  o.e.m.c.i.embedder.EclipseLogger - skip non existing resourceDirectory E:\dwg\Fireflies\JavaProjects\codeCount\src\test\resources
2018-11-19 14:56:21,111 [Worker-193] WARN  o.e.m.c.i.embedder.EclipseLogger - Using platform encoding (GBK actually) to copy filtered resources, i.e. build is platform dependent!
2018-11-19 14:56:21,112 [Worker-193] INFO  o.e.m.c.i.embedder.EclipseLogger - skip non existing resourceDirectory E:\dwg\Fireflies\JavaProjects\codeCount\src\main\resources
2018-11-19 14:56:21,117 [Worker-193] WARN  o.e.m.c.i.embedder.EclipseLogger - Using platform encoding (GBK actually) to copy filtered resources, i.e. build is platform dependent!
2018-11-19 14:56:21,118 [Worker-193] INFO  o.e.m.c.i.embedder.EclipseLogger - skip non existing resourceDirectory E:\dwg\Fireflies\JavaProjects\codeCount\src\test\resources
2018-11-19 14:56:31,603 [Worker-195] WARN  o.e.m.c.i.embedder.EclipseLogger - Using platform encoding (GBK actually) to copy filtered resources, i.e. build is platform dependent!
2018-11-19 14:56:31,605 [Worker-195] INFO  o.e.m.c.i.embedder.EclipseLogger - skip non existing resourceDirectory E:\dwg\Fireflies\JavaProjects\codeCount\src\main\resources
2018-11-19 14:56:31,609 [Worker-195] WARN  o.e.m.c.i.embedder.EclipseLogger - Using platform encoding (GBK actually) to copy filtered resources, i.e. build is platform dependent!
2018-11-19 14:56:31,610 [Worker-195] INFO  o.e.m.c.i.embedder.EclipseLogger - skip non existing resourceDirectory E:\dwg\Fireflies\JavaProjects\codeCount\src\test\resources
2018-11-19 15:01:31,317 [Worker-194] WARN  o.e.m.c.i.embedder.EclipseLogger - Using platform encoding (GBK actually) to copy filtered resources, i.e. build is platform dependent!
2018-11-19 15:01:31,319 [Worker-194] INFO  o.e.m.c.i.embedder.EclipseLogger - skip non existing resourceDirectory E:\dwg\Fireflies\JavaProjects\codeCount\src\main\resources
2018-11-19 15:01:31,325 [Worker-194] WARN  o.e.m.c.i.embedder.EclipseLogger - Using platform encoding (GBK actually) to copy filtered resources, i.e. build is platform dependent!
2018-11-19 15:01:31,329 [Worker-194] INFO  o.e.m.c.i.embedder.EclipseLogger - skip non existing resourceDirectory E:\dwg\Fireflies\JavaProjects\codeCount\src\test\resources
2018-11-19 15:02:10,835 [Worker-198] WARN  o.e.m.c.i.embedder.EclipseLogger - Using platform encoding (GBK actually) to copy filtered resources, i.e. build is platform dependent!
2018-11-19 15:02:10,836 [Worker-198] INFO  o.e.m.c.i.embedder.EclipseLogger - skip non existing resourceDirectory E:\dwg\Fireflies\JavaProjects\codeCount\src\main\resources
2018-11-19 15:02:10,837 [Worker-198] WARN  o.e.m.c.i.embedder.EclipseLogger - Using platform encoding (GBK actually) to copy filtered resources, i.e. build is platform dependent!
2018-11-19 15:02:10,838 [Worker-198] INFO  o.e.m.c.i.embedder.EclipseLogger - skip non existing resourceDirectory E:\dwg\Fireflies\JavaProjects\codeCount\src\test\resources
2018-11-19 15:03:03,895 [Worker-197] WARN  o.e.m.c.i.embedder.EclipseLogger - Using platform encoding (GBK actually) to copy filtered resources, i.e. build is platform dependent!
2018-11-19 15:03:03,901 [Worker-197] INFO  o.e.m.c.i.embedder.EclipseLogger - skip non existing resourceDirectory E:\dwg\Fireflies\JavaProjects\codeCount\src\main\resources
2018-11-19 15:03:03,902 [Worker-197] WARN  o.e.m.c.i.embedder.EclipseLogger - Using platform encoding (GBK actually) to copy filtered resources, i.e. build is platform dependent!
2018-11-19 15:03:03,904 [Worker-197] INFO  o.e.m.c.i.embedder.EclipseLogger - skip non existing resourceDirectory E:\dwg\Fireflies\JavaProjects\codeCount\src\test\resources
2018-11-19 15:03:33,786 [Worker-198] WARN  o.e.m.c.i.embedder.EclipseLogger - Using platform encoding (GBK actually) to copy filtered resources, i.e. build is platform dependent!
2018-11-19 15:03:33,787 [Worker-198] INFO  o.e.m.c.i.embedder.EclipseLogger - skip non existing resourceDirectory E:\dwg\Fireflies\JavaProjects\codeCount\src\main\resources
2018-11-19 15:03:33,788 [Worker-198] WARN  o.e.m.c.i.embedder.EclipseLogger - Using platform encoding (GBK actually) to copy filtered resources, i.e. build is platform dependent!
2018-11-19 15:03:33,792 [Worker-198] INFO  o.e.m.c.i.embedder.EclipseLogger - skip non existing resourceDirectory E:\dwg\Fireflies\JavaProjects\codeCount\src\test\resources
2018-11-19 15:04:15,574 [Worker-199] WARN  o.e.m.c.i.embedder.EclipseLogger - Using platform encoding (GBK actually) to copy filtered resources, i.e. build is platform dependent!
2018-11-19 15:04:15,575 [Worker-199] INFO  o.e.m.c.i.embedder.EclipseLogger - skip non existing resourceDirectory E:\dwg\Fireflies\JavaProjects\codeCount\src\main\resources
2018-11-19 15:04:15,576 [Worker-199] WARN  o.e.m.c.i.embedder.EclipseLogger - Using platform encoding (GBK actually) to copy filtered resources, i.e. build is platform dependent!
2018-11-19 15:04:15,577 [Worker-199] INFO  o.e.m.c.i.embedder.EclipseLogger - skip non existing resourceDirectory E:\dwg\Fireflies\JavaProjects\codeCount\src\test\resources
2018-11-19 15:09:07,110 [Worker-203] WARN  o.e.m.c.i.embedder.EclipseLogger - Using platform encoding (GBK actually) to copy filtered resources, i.e. build is platform dependent!
2018-11-19 15:09:07,111 [Worker-203] INFO  o.e.m.c.i.embedder.EclipseLogger - skip non existing resourceDirectory E:\dwg\Fireflies\JavaProjects\codeCount\src\main\resources
2018-11-19 15:09:07,127 [Worker-203] WARN  o.e.m.c.i.embedder.EclipseLogger - Using platform encoding (GBK actually) to copy filtered resources, i.e. build is platform dependent!
2018-11-19 15:09:07,131 [Worker-203] INFO  o.e.m.c.i.embedder.EclipseLogger - skip non existing resourceDirectory E:\dwg\Fireflies\JavaProjects\codeCount\src\test\resources
2018-11-20 16:26:18,595 [Worker-323] WARN  o.e.m.c.i.embedder.EclipseLogger - Using platform encoding (GBK actually) to copy filtered resources, i.e. build is platform dependent!
2018-11-20 16:26:18,617 [Worker-323] INFO  o.e.m.c.i.embedder.EclipseLogger - skip non existing resourceDirectory E:\dwg\Fireflies\JavaProjects\codeCount\src\main\resources
2018-11-20 16:26:18,620 [Worker-323] WARN  o.e.m.c.i.embedder.EclipseLogger - Using platform encoding (GBK actually) to copy filtered resources, i.e. build is platform dependent!
2018-11-20 16:26:18,622 [Worker-323] INFO  o.e.m.c.i.embedder.EclipseLogger - skip non existing resourceDirectory E:\dwg\Fireflies\JavaProjects\codeCount\src\test\resources
2018-11-20 16:27:01,897 [Worker-319] WARN  o.e.m.c.i.embedder.EclipseLogger - Using platform encoding (GBK actually) to copy filtered resources, i.e. build is platform dependent!
2018-11-20 16:27:01,898 [Worker-319] INFO  o.e.m.c.i.embedder.EclipseLogger - skip non existing resourceDirectory E:\dwg\Fireflies\JavaProjects\codeCount\src\main\resources
2018-11-20 16:27:01,899 [Worker-319] WARN  o.e.m.c.i.embedder.EclipseLogger - Using platform encoding (GBK actually) to copy filtered resources, i.e. build is platform dependent!
2018-11-20 16:27:01,901 [Worker-319] INFO  o.e.m.c.i.embedder.EclipseLogger - skip non existing resourceDirectory E:\dwg\Fireflies\JavaProjects\codeCount\src\test\resources
2018-11-20 16:28:17,858 [Worker-324] WARN  o.e.m.c.i.embedder.EclipseLogger - Using platform encoding (GBK actually) to copy filtered resources, i.e. build is platform dependent!
2018-11-20 16:28:17,860 [Worker-324] INFO  o.e.m.c.i.embedder.EclipseLogger - skip non existing resourceDirectory E:\dwg\Fireflies\JavaProjects\codeCount\src\main\resources
2018-11-20 16:28:17,864 [Worker-324] WARN  o.e.m.c.i.embedder.EclipseLogger - Using platform encoding (GBK actually) to copy filtered resources, i.e. build is platform dependent!
2018-11-20 16:28:17,868 [Worker-324] INFO  o.e.m.c.i.embedder.EclipseLogger - skip non existing resourceDirectory E:\dwg\Fireflies\JavaProjects\codeCount\src\test\resources
2018-11-21 09:21:21,165 [Worker-349] WARN  o.e.m.c.i.embedder.EclipseLogger - Using platform encoding (GBK actually) to copy filtered resources, i.e. build is platform dependent!
2018-11-21 09:21:21,166 [Worker-349] INFO  o.e.m.c.i.embedder.EclipseLogger - skip non existing resourceDirectory E:\dwg\Fireflies\JavaProjects\codeCount\src\main\resources
2018-11-21 09:21:21,167 [Worker-349] WARN  o.e.m.c.i.embedder.EclipseLogger - Using platform encoding (GBK actually) to copy filtered resources, i.e. build is platform dependent!
2018-11-21 09:21:21,168 [Worker-349] INFO  o.e.m.c.i.embedder.EclipseLogger - skip non existing resourceDirectory E:\dwg\Fireflies\JavaProjects\codeCount\src\test\resources
2018-11-21 09:21:39,108 [Worker-346] WARN  o.e.m.c.i.embedder.EclipseLogger - Using platform encoding (GBK actually) to copy filtered resources, i.e. build is platform dependent!
2018-11-21 09:21:39,109 [Worker-346] INFO  o.e.m.c.i.embedder.EclipseLogger - skip non existing resourceDirectory E:\dwg\Fireflies\JavaProjects\codeCount\src\main\resources
2018-11-21 09:21:39,110 [Worker-346] WARN  o.e.m.c.i.embedder.EclipseLogger - Using platform encoding (GBK actually) to copy filtered resources, i.e. build is platform dependent!
2018-11-21 09:21:39,111 [Worker-346] INFO  o.e.m.c.i.embedder.EclipseLogger - skip non existing resourceDirectory E:\dwg\Fireflies\JavaProjects\codeCount\src\test\resources
